  [4;36;1mSQL (15.8ms)[0m   [0;1mSET NAMES 'utf8'[0m
  [4;35;1mSQL (0.3ms)[0m   [0mSET SQL_AUTO_IS_NULL=0[0m
  [4;36;1mSQL (1.0ms)[0m   [0;1mCREATE DATABASE `connect_tutorial_development` DEFAULT CHARACTER SET `utf8` COLLATE `utf8_general_ci`[0m
  [4;36;1mSQL (0.2ms)[0m   [0;1mSET NAMES 'utf8'[0m
  [4;35;1mSQL (0.1ms)[0m   [0mSET SQL_AUTO_IS_NULL=0[0m
  [4;36;1mSQL (0.5ms)[0m   [0;1mSHOW TABLES[0m
  [4;35;1mSQL (36.0ms)[0m   [0mCREATE TABLE `schema_migrations` (`version` varchar(255) NOT NULL) ENGINE=InnoDB[0m
  [4;36;1mSQL (7.4ms)[0m   [0;1mCREATE UNIQUE INDEX `unique_schema_migrations` ON `schema_migrations` (`version`)[0m
  [4;35;1mSQL (0.7ms)[0m   [0mSHOW TABLES[0m
  [4;36;1mSQL (0.4ms)[0m   [0;1mSELECT version FROM schema_migrations[0m
Migrating to CreateUsers (20090226114049)
  [4;35;1mSQL (0.3ms)[0m   [0mSHOW TABLES[0m
  [4;36;1mSQL (3.2ms)[0m   [0;1mCREATE TABLE `users` (`id` int(11) DEFAULT NULL auto_increment PRIMARY KEY, `login` varchar(40), `name` varchar(100) DEFAULT '', `email` varchar(100), `crypted_password` varchar(40), `salt` varchar(40), `created_at` datetime, `updated_at` datetime, `remember_token` varchar(40), `remember_token_expires_at` datetime) ENGINE=InnoDB[0m
  [4;35;1mSQL (7.2ms)[0m   [0mCREATE UNIQUE INDEX `index_users_on_login` ON `users` (`login`)[0m
  [4;36;1mSQL (0.8ms)[0m   [0;1mINSERT INTO schema_migrations (version) VALUES ('20090226114049')[0m
  [4;35;1mSQL (0.4ms)[0m   [0mSHOW TABLES[0m
  [4;36;1mSQL (0.2ms)[0m   [0;1mSELECT version FROM schema_migrations[0m
  [4;35;1mSQL (0.3ms)[0m   [0mSHOW TABLES[0m
  [4;36;1mSQL (1.6ms)[0m   [0;1mSHOW FIELDS FROM `users`[0m
  [4;35;1mSQL (4.7ms)[0m   [0mdescribe `users`[0m
  [4;36;1mSQL (1.2ms)[0m   [0;1mSHOW KEYS FROM `users`[0m


Processing UsersController#new (for 127.0.0.1 at 2009-02-26 11:43:39) [GET]
  [4;36;1mSQL (0.2ms)[0m   [0;1mSET NAMES 'utf8'[0m
  [4;35;1mSQL (0.1ms)[0m   [0mSET SQL_AUTO_IS_NULL=0[0m
  [4;36;1mUser Columns (1.5ms)[0m   [0;1mSHOW FIELDS FROM `users`[0m
Rendering users/new
Completed in 12ms (View: 4, DB: 2) | 200 OK [http://localhost/signup]
  [4;36;1mSQL (0.2ms)[0m   [0;1mSET NAMES 'utf8'[0m
  [4;35;1mSQL (0.1ms)[0m   [0mSET SQL_AUTO_IS_NULL=0[0m
  [4;36;1mSQL (0.3ms)[0m   [0;1mSHOW TABLES[0m
  [4;35;1mSQL (0.1ms)[0m   [0mSELECT version FROM schema_migrations[0m
Migrating to CreateUsers (20090226114049)
Migrating to AddUsersFb (20090226114455)
  [4;36;1mSQL (0.6ms)[0m   [0;1mINSERT INTO schema_migrations (version) VALUES ('20090226114455')[0m
  [4;35;1mSQL (0.3ms)[0m   [0mSHOW TABLES[0m
  [4;36;1mSQL (0.1ms)[0m   [0;1mSELECT version FROM schema_migrations[0m
  [4;35;1mSQL (0.2ms)[0m   [0mSHOW TABLES[0m
  [4;36;1mSQL (2.2ms)[0m   [0;1mSHOW FIELDS FROM `users`[0m
  [4;35;1mSQL (2.3ms)[0m   [0mdescribe `users`[0m
  [4;36;1mSQL (2.0ms)[0m   [0;1mSHOW KEYS FROM `users`[0m
  [4;36;1mSQL (0.3ms)[0m   [0;1mSET NAMES 'utf8'[0m
  [4;35;1mSQL (0.2ms)[0m   [0mSET SQL_AUTO_IS_NULL=0[0m
  [4;36;1mSQL (0.8ms)[0m   [0;1mSHOW TABLES[0m
  [4;35;1mSQL (0.2ms)[0m   [0mSELECT version FROM schema_migrations[0m
Migrating to CreateUsers (20090226114049)
Migrating to AddUsersFb (20090226114455)
  [4;36;1mSQL (0.4ms)[0m   [0;1mSHOW TABLES[0m
  [4;35;1mSQL (0.1ms)[0m   [0mSELECT version FROM schema_migrations[0m
  [4;36;1mSQL (0.2ms)[0m   [0;1mSHOW TABLES[0m
  [4;35;1mSQL (1.4ms)[0m   [0mSHOW FIELDS FROM `users`[0m
  [4;36;1mSQL (1.3ms)[0m   [0;1mdescribe `users`[0m
  [4;35;1mSQL (0.2ms)[0m   [0mSHOW KEYS FROM `users`[0m
  [4;36;1mSQL (0.2ms)[0m   [0;1mSET NAMES 'utf8'[0m
  [4;35;1mSQL (0.1ms)[0m   [0mSET SQL_AUTO_IS_NULL=0[0m
  [4;36;1mSQL (0.4ms)[0m   [0;1mSHOW TABLES[0m
  [4;35;1mSQL (3.0ms)[0m   [0mCREATE TABLE `schema_migrations` (`version` varchar(255) NOT NULL) ENGINE=InnoDB[0m
  [4;36;1mSQL (28.5ms)[0m   [0;1mCREATE UNIQUE INDEX `unique_schema_migrations` ON `schema_migrations` (`version`)[0m
  [4;35;1mSQL (0.6ms)[0m   [0mSHOW TABLES[0m
  [4;36;1mSQL (0.6ms)[0m   [0;1mSELECT version FROM schema_migrations[0m
Migrating to CreateUsers (20090226114049)
  [4;35;1mSQL (0.3ms)[0m   [0mSHOW TABLES[0m
  [4;36;1mSQL (2.1ms)[0m   [0;1mCREATE TABLE `users` (`id` int(11) DEFAULT NULL auto_increment PRIMARY KEY, `login` varchar(40), `name` varchar(100) DEFAULT '', `email` varchar(100), `crypted_password` varchar(40), `salt` varchar(40), `created_at` datetime, `updated_at` datetime, `remember_token` varchar(40), `remember_token_expires_at` datetime) ENGINE=InnoDB[0m
  [4;35;1mSQL (5.2ms)[0m   [0mCREATE UNIQUE INDEX `index_users_on_login` ON `users` (`login`)[0m
  [4;36;1mSQL (0.6ms)[0m   [0;1mINSERT INTO schema_migrations (version) VALUES ('20090226114049')[0m
Migrating to AddUsersFb (20090226114455)
  [4;35;1mSQL (59.3ms)[0m   [0mALTER TABLE `users` ADD `fb_user_id` int(11)[0m
  [4;36;1mSQL (11.2ms)[0m   [0;1mALTER TABLE `users` ADD `email_hash` varchar(255)[0m
  [4;35;1mSQL (7.0ms)[0m   [0malter table users modify fb_user_id bigint[0m
  [4;36;1mSQL (0.9ms)[0m   [0;1mINSERT INTO schema_migrations (version) VALUES ('20090226114455')[0m
  [4;35;1mSQL (0.3ms)[0m   [0mSHOW TABLES[0m
  [4;36;1mSQL (0.2ms)[0m   [0;1mSELECT version FROM schema_migrations[0m
  [4;35;1mSQL (0.2ms)[0m   [0mSHOW TABLES[0m
  [4;36;1mSQL (2.4ms)[0m   [0;1mSHOW FIELDS FROM `users`[0m
  [4;35;1mSQL (2.4ms)[0m   [0mdescribe `users`[0m
  [4;36;1mSQL (1.2ms)[0m   [0;1mSHOW KEYS FROM `users`[0m


Processing SessionsController#new (for 127.0.0.1 at 2009-02-26 12:09:08) [GET]
  [4;36;1mSQL (0.3ms)[0m   [0;1mSET NAMES 'utf8'[0m
  [4;35;1mSQL (0.1ms)[0m   [0mSET SQL_AUTO_IS_NULL=0[0m
Rendering template within layouts/index
Rendering sessions/new
Completed in 6ms (View: 4, DB: 0) | 200 OK [http://localhost/login]


Processing SessionsController#new (for 127.0.0.1 at 2009-02-26 12:31:48) [GET]
  [4;36;1mSQL (0.2ms)[0m   [0;1mSET NAMES 'utf8'[0m
  [4;35;1mSQL (0.1ms)[0m   [0mSET SQL_AUTO_IS_NULL=0[0m
Rendering template within layouts/index
Rendering sessions/new
Completed in 5ms (View: 4, DB: 0) | 200 OK [http://localhost/login]


Processing UsersController#link_user_accounts (for 127.0.0.1 at 2009-02-26 12:32:14) [GET]
  [4;36;1mSQL (0.1ms)[0m   [0;1mSET NAMES 'utf8'[0m
  [4;35;1mSQL (0.1ms)[0m   [0mSET SQL_AUTO_IS_NULL=0[0m
  [4;36;1mUser Columns (1.9ms)[0m   [0;1mSHOW FIELDS FROM `users`[0m
  [4;35;1mUser Load (1.4ms)[0m   [0mSELECT * FROM `users` WHERE (`users`.`fb_user_id` = 651476416) LIMIT 1[0m
facebook.users.getInfo (0.747716903686523) fields = status,political,pic_small,name,quotes,is_app_user,tv,profile_update_time,meeting_sex,hs_info,timezone,relationship_status,hometown_location,about_me,wall_count,significant_other_id,pic_big,music,uid,work_history,sex,religion,notes_count,activities,pic_square,movies,has_added_app,education_history,birthday,first_name,meeting_for,last_name,interests,current_location,pic,books,affiliations,locale,profile_url,proxied_email,email_hashes, uids = 651476416
  [4;36;1mUser Load (0.3ms)[0m   [0;1mSELECT * FROM `users` WHERE (`users`.`email_hash` IN (NULL)) LIMIT 1[0m
  [4;35;1mSQL (0.1ms)[0m   [0mBEGIN[0m
  [4;36;1mUser Create (0.2ms)[0m   [0;1mINSERT INTO `users` (`name`, `salt`, `updated_at`, `crypted_password`, `remember_token_expires_at`, `fb_user_id`, `email_hash`, `remember_token`, `login`, `email`, `created_at`) VALUES('Stuart Eccles', NULL, '2009-02-26 12:32:14', NULL, NULL, 651476416, NULL, NULL, 'facebooker_651476416', '', '2009-02-26 12:32:14')[0m
facebook.connect.registerUsers (0.730425834655762) accounts = [{"email_hash": "0_d41d8cd98f00b204e9800998ecf8427e", "account_id": 1}]
  [4;35;1mUser Update (0.4ms)[0m   [0mUPDATE `users` SET `created_at` = '2009-02-26 12:32:14', `login` = 'facebooker_651476416', `email` = '', `email_hash` = '0_d41d8cd98f00b204e9800998ecf8427e', `fb_user_id` = 651476416, `updated_at` = '2009-02-26 12:32:15', `name` = 'Stuart Eccles' WHERE `id` = 1[0m
  [4;36;1mSQL (0.6ms)[0m   [0;1mCOMMIT[0m
Redirected to /
Completed in 1498ms (DB: 5) | 302 Found [http://localhost/users/link_user_accounts]


Processing ApplicationController#index (for 127.0.0.1 at 2009-02-26 12:32:52) [GET]


ActionController::RoutingError (No route matches "/" with {:method=>:get, :canvas=>false}):
    /Library/Ruby/Gems/1.8/gems/actionpack-2.2.2/lib/action_controller/routing/recognition_optimisation.rb:66:in `recognize_path'
    /Library/Ruby/Gems/1.8/gems/actionpack-2.2.2/lib/action_controller/routing/route_set.rb:386:in `recognize'
    /Library/Ruby/Gems/1.8/gems/actionpack-2.2.2/lib/action_controller/dispatcher.rb:182:in `handle_request'
    /Library/Ruby/Gems/1.8/gems/actionpack-2.2.2/lib/action_controller/dispatcher.rb:110:in `dispatch_unlocked'
    /Library/Ruby/Gems/1.8/gems/actionpack-2.2.2/lib/action_controller/dispatcher.rb:123:in `dispatch'
    /Library/Ruby/Gems/1.8/gems/actionpack-2.2.2/lib/action_controller/dispatcher.rb:122:in `synchronize'
    /Library/Ruby/Gems/1.8/gems/actionpack-2.2.2/lib/action_controller/dispatcher.rb:122:in `dispatch'
    /Library/Ruby/Gems/1.8/gems/actionpack-2.2.2/lib/action_controller/dispatcher.rb:132:in `dispatch_cgi'
    /Library/Ruby/Gems/1.8/gems/actionpack-2.2.2/lib/action_controller/dispatcher.rb:39:in `dispatch'
    /System/Library/Frameworks/Ruby.framework/Versions/1.8/usr/lib/ruby/gems/1.8/gems/mongrel-1.1.4/bin/../lib/mongrel/rails.rb:76:in `process'
    /System/Library/Frameworks/Ruby.framework/Versions/1.8/usr/lib/ruby/gems/1.8/gems/mongrel-1.1.4/bin/../lib/mongrel/rails.rb:74:in `synchronize'
    /System/Library/Frameworks/Ruby.framework/Versions/1.8/usr/lib/ruby/gems/1.8/gems/mongrel-1.1.4/bin/../lib/mongrel/rails.rb:74:in `process'
    /System/Library/Frameworks/Ruby.framework/Versions/1.8/usr/lib/ruby/gems/1.8/gems/mongrel-1.1.4/lib/mongrel.rb:159:in `process_client'
    /System/Library/Frameworks/Ruby.framework/Versions/1.8/usr/lib/ruby/gems/1.8/gems/mongrel-1.1.4/lib/mongrel.rb:158:in `each'
    /System/Library/Frameworks/Ruby.framework/Versions/1.8/usr/lib/ruby/gems/1.8/gems/mongrel-1.1.4/lib/mongrel.rb:158:in `process_client'
    /System/Library/Frameworks/Ruby.framework/Versions/1.8/usr/lib/ruby/gems/1.8/gems/mongrel-1.1.4/lib/mongrel.rb:285:in `run'
    /System/Library/Frameworks/Ruby.framework/Versions/1.8/usr/lib/ruby/gems/1.8/gems/mongrel-1.1.4/lib/mongrel.rb:285:in `initialize'
    /System/Library/Frameworks/Ruby.framework/Versions/1.8/usr/lib/ruby/gems/1.8/gems/mongrel-1.1.4/lib/mongrel.rb:285:in `new'
    /System/Library/Frameworks/Ruby.framework/Versions/1.8/usr/lib/ruby/gems/1.8/gems/mongrel-1.1.4/lib/mongrel.rb:285:in `run'
    /System/Library/Frameworks/Ruby.framework/Versions/1.8/usr/lib/ruby/gems/1.8/gems/mongrel-1.1.4/lib/mongrel.rb:268:in `initialize'
    /System/Library/Frameworks/Ruby.framework/Versions/1.8/usr/lib/ruby/gems/1.8/gems/mongrel-1.1.4/lib/mongrel.rb:268:in `new'
    /System/Library/Frameworks/Ruby.framework/Versions/1.8/usr/lib/ruby/gems/1.8/gems/mongrel-1.1.4/lib/mongrel.rb:268:in `run'
    /System/Library/Frameworks/Ruby.framework/Versions/1.8/usr/lib/ruby/gems/1.8/gems/mongrel-1.1.4/lib/mongrel/configurator.rb:282:in `run'
    /System/Library/Frameworks/Ruby.framework/Versions/1.8/usr/lib/ruby/gems/1.8/gems/mongrel-1.1.4/lib/mongrel/configurator.rb:281:in `each'
    /System/Library/Frameworks/Ruby.framework/Versions/1.8/usr/lib/ruby/gems/1.8/gems/mongrel-1.1.4/lib/mongrel/configurator.rb:281:in `run'
    /System/Library/Frameworks/Ruby.framework/Versions/1.8/usr/lib/ruby/gems/1.8/gems/mongrel-1.1.4/bin/mongrel_rails:128:in `run'
    /System/Library/Frameworks/Ruby.framework/Versions/1.8/usr/lib/ruby/gems/1.8/gems/mongrel-1.1.4/lib/mongrel/command.rb:212:in `run'
    /System/Library/Frameworks/Ruby.framework/Versions/1.8/usr/lib/ruby/gems/1.8/gems/mongrel-1.1.4/bin/mongrel_rails:281
    /Library/Ruby/Gems/1.8/gems/activesupport-2.2.2/lib/active_support/dependencies.rb:142:in `load_without_new_constant_marking'
    /Library/Ruby/Gems/1.8/gems/activesupport-2.2.2/lib/active_support/dependencies.rb:142:in `load'
    /Library/Ruby/Gems/1.8/gems/activesupport-2.2.2/lib/active_support/dependencies.rb:521:in `new_constants_in'
    /Library/Ruby/Gems/1.8/gems/activesupport-2.2.2/lib/active_support/dependencies.rb:142:in `load'
    /Library/Ruby/Gems/1.8/gems/rails-2.2.2/lib/commands/servers/mongrel.rb:64
    /Library/Ruby/Site/1.8/rubygems/custom_require.rb:31:in `gem_original_require'
    /Library/Ruby/Site/1.8/rubygems/custom_require.rb:31:in `require'
    /Library/Ruby/Gems/1.8/gems/activesupport-2.2.2/lib/active_support/dependencies.rb:153:in `require'
    /Library/Ruby/Gems/1.8/gems/activesupport-2.2.2/lib/active_support/dependencies.rb:521:in `new_constants_in'
    /Library/Ruby/Gems/1.8/gems/activesupport-2.2.2/lib/active_support/dependencies.rb:153:in `require'
    /Library/Ruby/Gems/1.8/gems/rails-2.2.2/lib/commands/server.rb:49
    /Library/Ruby/Site/1.8/rubygems/custom_require.rb:31:in `gem_original_require'
    /Library/Ruby/Site/1.8/rubygems/custom_require.rb:31:in `require'
    script/server:3

Rendering /Users/stueccles/Development/rails/connect_tutorial/vendor/plugins/facebooker/templates/layout.erb (200)


Processing ApplicationController#index (for 127.0.0.1 at 2009-02-26 12:32:54) [GET]


ActionController::RoutingError (No route matches "/" with {:method=>:get, :canvas=>false}):
    /Library/Ruby/Gems/1.8/gems/actionpack-2.2.2/lib/action_controller/routing/recognition_optimisation.rb:66:in `recognize_path'
    /Library/Ruby/Gems/1.8/gems/actionpack-2.2.2/lib/action_controller/routing/route_set.rb:386:in `recognize'
    /Library/Ruby/Gems/1.8/gems/actionpack-2.2.2/lib/action_controller/dispatcher.rb:182:in `handle_request'
    /Library/Ruby/Gems/1.8/gems/actionpack-2.2.2/lib/action_controller/dispatcher.rb:110:in `dispatch_unlocked'
    /Library/Ruby/Gems/1.8/gems/actionpack-2.2.2/lib/action_controller/dispatcher.rb:123:in `dispatch'
    /Library/Ruby/Gems/1.8/gems/actionpack-2.2.2/lib/action_controller/dispatcher.rb:122:in `synchronize'
    /Library/Ruby/Gems/1.8/gems/actionpack-2.2.2/lib/action_controller/dispatcher.rb:122:in `dispatch'
    /Library/Ruby/Gems/1.8/gems/actionpack-2.2.2/lib/action_controller/dispatcher.rb:132:in `dispatch_cgi'
    /Library/Ruby/Gems/1.8/gems/actionpack-2.2.2/lib/action_controller/dispatcher.rb:39:in `dispatch'
    /System/Library/Frameworks/Ruby.framework/Versions/1.8/usr/lib/ruby/gems/1.8/gems/mongrel-1.1.4/bin/../lib/mongrel/rails.rb:76:in `process'
    /System/Library/Frameworks/Ruby.framework/Versions/1.8/usr/lib/ruby/gems/1.8/gems/mongrel-1.1.4/bin/../lib/mongrel/rails.rb:74:in `synchronize'
    /System/Library/Frameworks/Ruby.framework/Versions/1.8/usr/lib/ruby/gems/1.8/gems/mongrel-1.1.4/bin/../lib/mongrel/rails.rb:74:in `process'
    /System/Library/Frameworks/Ruby.framework/Versions/1.8/usr/lib/ruby/gems/1.8/gems/mongrel-1.1.4/lib/mongrel.rb:159:in `process_client'
    /System/Library/Frameworks/Ruby.framework/Versions/1.8/usr/lib/ruby/gems/1.8/gems/mongrel-1.1.4/lib/mongrel.rb:158:in `each'
    /System/Library/Frameworks/Ruby.framework/Versions/1.8/usr/lib/ruby/gems/1.8/gems/mongrel-1.1.4/lib/mongrel.rb:158:in `process_client'
    /System/Library/Frameworks/Ruby.framework/Versions/1.8/usr/lib/ruby/gems/1.8/gems/mongrel-1.1.4/lib/mongrel.rb:285:in `run'
    /System/Library/Frameworks/Ruby.framework/Versions/1.8/usr/lib/ruby/gems/1.8/gems/mongrel-1.1.4/lib/mongrel.rb:285:in `initialize'
    /System/Library/Frameworks/Ruby.framework/Versions/1.8/usr/lib/ruby/gems/1.8/gems/mongrel-1.1.4/lib/mongrel.rb:285:in `new'
    /System/Library/Frameworks/Ruby.framework/Versions/1.8/usr/lib/ruby/gems/1.8/gems/mongrel-1.1.4/lib/mongrel.rb:285:in `run'
    /System/Library/Frameworks/Ruby.framework/Versions/1.8/usr/lib/ruby/gems/1.8/gems/mongrel-1.1.4/lib/mongrel.rb:268:in `initialize'
    /System/Library/Frameworks/Ruby.framework/Versions/1.8/usr/lib/ruby/gems/1.8/gems/mongrel-1.1.4/lib/mongrel.rb:268:in `new'
    /System/Library/Frameworks/Ruby.framework/Versions/1.8/usr/lib/ruby/gems/1.8/gems/mongrel-1.1.4/lib/mongrel.rb:268:in `run'
    /System/Library/Frameworks/Ruby.framework/Versions/1.8/usr/lib/ruby/gems/1.8/gems/mongrel-1.1.4/lib/mongrel/configurator.rb:282:in `run'
    /System/Library/Frameworks/Ruby.framework/Versions/1.8/usr/lib/ruby/gems/1.8/gems/mongrel-1.1.4/lib/mongrel/configurator.rb:281:in `each'
    /System/Library/Frameworks/Ruby.framework/Versions/1.8/usr/lib/ruby/gems/1.8/gems/mongrel-1.1.4/lib/mongrel/configurator.rb:281:in `run'
    /System/Library/Frameworks/Ruby.framework/Versions/1.8/usr/lib/ruby/gems/1.8/gems/mongrel-1.1.4/bin/mongrel_rails:128:in `run'
    /System/Library/Frameworks/Ruby.framework/Versions/1.8/usr/lib/ruby/gems/1.8/gems/mongrel-1.1.4/lib/mongrel/command.rb:212:in `run'
    /System/Library/Frameworks/Ruby.framework/Versions/1.8/usr/lib/ruby/gems/1.8/gems/mongrel-1.1.4/bin/mongrel_rails:281
    /Library/Ruby/Gems/1.8/gems/activesupport-2.2.2/lib/active_support/dependencies.rb:142:in `load_without_new_constant_marking'
    /Library/Ruby/Gems/1.8/gems/activesupport-2.2.2/lib/active_support/dependencies.rb:142:in `load'
    /Library/Ruby/Gems/1.8/gems/activesupport-2.2.2/lib/active_support/dependencies.rb:521:in `new_constants_in'
    /Library/Ruby/Gems/1.8/gems/activesupport-2.2.2/lib/active_support/dependencies.rb:142:in `load'
    /Library/Ruby/Gems/1.8/gems/rails-2.2.2/lib/commands/servers/mongrel.rb:64
    /Library/Ruby/Site/1.8/rubygems/custom_require.rb:31:in `gem_original_require'
    /Library/Ruby/Site/1.8/rubygems/custom_require.rb:31:in `require'
    /Library/Ruby/Gems/1.8/gems/activesupport-2.2.2/lib/active_support/dependencies.rb:153:in `require'
    /Library/Ruby/Gems/1.8/gems/activesupport-2.2.2/lib/active_support/dependencies.rb:521:in `new_constants_in'
    /Library/Ruby/Gems/1.8/gems/activesupport-2.2.2/lib/active_support/dependencies.rb:153:in `require'
    /Library/Ruby/Gems/1.8/gems/rails-2.2.2/lib/commands/server.rb:49
    /Library/Ruby/Site/1.8/rubygems/custom_require.rb:31:in `gem_original_require'
    /Library/Ruby/Site/1.8/rubygems/custom_require.rb:31:in `require'
    script/server:3

Rendering /Users/stueccles/Development/rails/connect_tutorial/vendor/plugins/facebooker/templates/layout.erb (200)


Processing UsersController#home (for 127.0.0.1 at 2009-02-26 12:33:11) [GET]
  [4;35;1mSQL (0.1ms)[0m   [0mSET NAMES 'utf8'[0m
  [4;36;1mSQL (0.1ms)[0m   [0;1mSET SQL_AUTO_IS_NULL=0[0m
Rendering template within layouts/index
Rendering users/home
  [4;35;1mUser Columns (1.5ms)[0m   [0mSHOW FIELDS FROM `users`[0m
  [4;36;1mUser Load (1.3ms)[0m   [0;1mSELECT * FROM `users` WHERE (`users`.`fb_user_id` = 651476416) LIMIT 1[0m
Completed in 17ms (View: 16, DB: 0) | 200 OK [http://localhost/]


Processing SessionsController#destroy (for 127.0.0.1 at 2009-02-26 12:33:24) [GET]
  [4;35;1mSQL (0.1ms)[0m   [0mSET NAMES 'utf8'[0m
  [4;36;1mSQL (0.1ms)[0m   [0;1mSET SQL_AUTO_IS_NULL=0[0m
Cookie set: auth_token=; path=/; expires=Thu, 01 Jan 1970 00:00:00 GMT
Redirected to /
Completed in 20ms (DB: 0) | 302 Found [http://localhost/logout]


Processing UsersController#home (for 127.0.0.1 at 2009-02-26 12:33:25) [GET]
  [4;35;1mSQL (0.1ms)[0m   [0mSET NAMES 'utf8'[0m
  [4;36;1mSQL (0.1ms)[0m   [0;1mSET SQL_AUTO_IS_NULL=0[0m
Rendering template within layouts/index
Rendering users/home
Completed in 5ms (View: 3, DB: 0) | 200 OK [http://localhost/]


Processing UsersController#new (for 127.0.0.1 at 2009-02-26 12:33:27) [GET]
  [4;35;1mSQL (0.1ms)[0m   [0mSET NAMES 'utf8'[0m
  [4;36;1mSQL (0.1ms)[0m   [0;1mSET SQL_AUTO_IS_NULL=0[0m
  [4;35;1mUser Columns (2.4ms)[0m   [0mSHOW FIELDS FROM `users`[0m
Rendering template within layouts/index
Rendering users/new
Completed in 68ms (View: 11, DB: 3) | 200 OK [http://localhost/signup]


Processing UsersController#link_user_accounts (for 127.0.0.1 at 2009-02-26 12:33:40) [GET]
  [4;36;1mSQL (0.1ms)[0m   [0;1mSET NAMES 'utf8'[0m
  [4;35;1mSQL (0.1ms)[0m   [0mSET SQL_AUTO_IS_NULL=0[0m
  [4;36;1mUser Columns (1.7ms)[0m   [0;1mSHOW FIELDS FROM `users`[0m
  [4;35;1mUser Load (1.2ms)[0m   [0mSELECT * FROM `users` WHERE (`users`.`fb_user_id` = 651476416) LIMIT 1[0m
Redirected to /
Completed in 12ms (DB: 3) | 302 Found [http://localhost/users/link_user_accounts]


Processing UsersController#home (for 127.0.0.1 at 2009-02-26 12:33:40) [GET]
  [4;36;1mSQL (0.1ms)[0m   [0;1mSET NAMES 'utf8'[0m
  [4;35;1mSQL (0.1ms)[0m   [0mSET SQL_AUTO_IS_NULL=0[0m
Rendering template within layouts/index
Rendering users/home
  [4;36;1mUser Columns (2.6ms)[0m   [0;1mSHOW FIELDS FROM `users`[0m
  [4;35;1mUser Load (1.1ms)[0m   [0mSELECT * FROM `users` WHERE (`users`.`id` = 1) LIMIT 1[0m
Completed in 17ms (View: 15, DB: 0) | 200 OK [http://localhost/]


Processing SessionsController#destroy (for 127.0.0.1 at 2009-02-26 12:33:48) [GET]
  [4;36;1mSQL (0.1ms)[0m   [0;1mSET NAMES 'utf8'[0m
  [4;35;1mSQL (0.1ms)[0m   [0mSET SQL_AUTO_IS_NULL=0[0m
Cookie set: auth_token=; path=/; expires=Thu, 01 Jan 1970 00:00:00 GMT
Redirected to /
Completed in 7ms (DB: 0) | 302 Found [http://localhost/logout]


Processing UsersController#home (for 127.0.0.1 at 2009-02-26 12:33:48) [GET]
  [4;36;1mSQL (0.1ms)[0m   [0;1mSET NAMES 'utf8'[0m
  [4;35;1mSQL (0.1ms)[0m   [0mSET SQL_AUTO_IS_NULL=0[0m
Rendering template within layouts/index
Rendering users/home
Completed in 6ms (View: 4, DB: 0) | 200 OK [http://localhost/]


Processing UsersController#new (for 127.0.0.1 at 2009-02-26 12:33:54) [GET]
  [4;36;1mSQL (0.1ms)[0m   [0;1mSET NAMES 'utf8'[0m
  [4;35;1mSQL (0.1ms)[0m   [0mSET SQL_AUTO_IS_NULL=0[0m
  [4;36;1mUser Columns (1.5ms)[0m   [0;1mSHOW FIELDS FROM `users`[0m
Rendering template within layouts/index
Rendering users/new
Completed in 12ms (View: 5, DB: 2) | 200 OK [http://localhost/signup]


Processing UsersController#new (for 127.0.0.1 at 2009-02-26 12:34:21) [GET]
  [4;35;1mSQL (0.1ms)[0m   [0mSET NAMES 'utf8'[0m
  [4;36;1mSQL (0.1ms)[0m   [0;1mSET SQL_AUTO_IS_NULL=0[0m
  [4;35;1mUser Columns (1.5ms)[0m   [0mSHOW FIELDS FROM `users`[0m
Rendering template within layouts/index
Rendering users/new
Completed in 15ms (View: 8, DB: 2) | 200 OK [http://localhost/signup]


Processing UsersController#create (for 127.0.0.1 at 2009-02-26 12:34:37) [POST]
  Parameters: {"user"=>{"name"=>"Top Dog", "password_confirmation"=>"f1refly", "password"=>"f1refly", "login"=>"topdog", "email"=>"stueccles@gmail.com"}, "commit"=>"Sign up", "authenticity_token"=>"9df737c023f8a67f217c19a0eba88cb3c89046c0"}
  [4;36;1mSQL (0.1ms)[0m   [0;1mSET NAMES 'utf8'[0m
  [4;35;1mSQL (0.2ms)[0m   [0mSET SQL_AUTO_IS_NULL=0[0m
Cookie set: auth_token=; path=/; expires=Thu, 01 Jan 1970 00:00:00 GMT
  [4;36;1mUser Columns (2.2ms)[0m   [0;1mSHOW FIELDS FROM `users`[0m
  [4;35;1mSQL (0.2ms)[0m   [0mBEGIN[0m
  [4;36;1mUser Exists (0.3ms)[0m   [0;1mSELECT `users`.id FROM `users` WHERE (`users`.`login` = BINARY 'topdog') LIMIT 1[0m
  [4;35;1mUser Exists (0.1ms)[0m   [0mSELECT `users`.id FROM `users` WHERE (`users`.`email` = BINARY 'stueccles@gmail.com') LIMIT 1[0m
  [4;36;1mUser Create (0.2ms)[0m   [0;1mINSERT INTO `users` (`name`, `salt`, `updated_at`, `crypted_password`, `remember_token_expires_at`, `fb_user_id`, `email_hash`, `remember_token`, `login`, `email`, `created_at`) VALUES('Top Dog', 'e8bd5db21c0cd150dd66f0aad81711c681487f44', '2009-02-26 12:34:37', 'a4299aba01c79166938d7015594936a69d084c08', NULL, NULL, NULL, NULL, 'topdog', 'stueccles@gmail.com', '2009-02-26 12:34:37')[0m
facebook.connect.registerUsers (0.605406999588013) accounts = [{"email_hash": "2556496934_f016545d8edc3acdede5a192b0be9540", "account_id": 2}]
  [4;35;1mUser Update (0.4ms)[0m   [0mUPDATE `users` SET `created_at` = '2009-02-26 12:34:37', `login` = 'topdog', `crypted_password` = 'a4299aba01c79166938d7015594936a69d084c08', `salt` = 'e8bd5db21c0cd150dd66f0aad81711c681487f44', `email` = 'stueccles@gmail.com', `email_hash` = '2556496934_f016545d8edc3acdede5a192b0be9540', `updated_at` = '2009-02-26 12:34:38', `name` = 'Top Dog' WHERE `id` = 2[0m
  [4;36;1mSQL (0.8ms)[0m   [0;1mCOMMIT[0m
Redirected to /
Completed in 624ms (DB: 4) | 302 Found [http://localhost/users]


Processing UsersController#home (for 127.0.0.1 at 2009-02-26 12:34:38) [GET]
  [4;35;1mSQL (0.1ms)[0m   [0mSET NAMES 'utf8'[0m
  [4;36;1mSQL (0.1ms)[0m   [0;1mSET SQL_AUTO_IS_NULL=0[0m
Rendering template within layouts/index
Rendering users/home
  [4;35;1mUser Columns (1.5ms)[0m   [0mSHOW FIELDS FROM `users`[0m
  [4;36;1mUser Load (0.6ms)[0m   [0;1mSELECT * FROM `users` WHERE (`users`.`id` = 2) LIMIT 1[0m
Completed in 13ms (View: 11, DB: 0) | 200 OK [http://localhost/]


Processing SessionsController#destroy (for 127.0.0.1 at 2009-02-26 12:34:41) [GET]
  [4;35;1mSQL (0.1ms)[0m   [0mSET NAMES 'utf8'[0m
  [4;36;1mSQL (0.1ms)[0m   [0;1mSET SQL_AUTO_IS_NULL=0[0m
Cookie set: auth_token=; path=/; expires=Thu, 01 Jan 1970 00:00:00 GMT
Redirected to /
Completed in 6ms (DB: 0) | 302 Found [http://localhost/logout]


Processing UsersController#home (for 127.0.0.1 at 2009-02-26 12:34:41) [GET]
  [4;35;1mSQL (0.1ms)[0m   [0mSET NAMES 'utf8'[0m
  [4;36;1mSQL (0.1ms)[0m   [0;1mSET SQL_AUTO_IS_NULL=0[0m
Rendering template within layouts/index
Rendering users/home
Completed in 5ms (View: 4, DB: 0) | 200 OK [http://localhost/]


Processing SessionsController#new (for 127.0.0.1 at 2009-02-26 12:34:48) [GET]
  [4;35;1mSQL (0.1ms)[0m   [0mSET NAMES 'utf8'[0m
  [4;36;1mSQL (0.1ms)[0m   [0;1mSET SQL_AUTO_IS_NULL=0[0m
Rendering template within layouts/index
Rendering sessions/new
Completed in 5ms (View: 3, DB: 0) | 200 OK [http://localhost/login]


Processing UsersController#link_user_accounts (for 127.0.0.1 at 2009-02-26 12:35:02) [GET]
  [4;35;1mSQL (0.1ms)[0m   [0mSET NAMES 'utf8'[0m
  [4;36;1mSQL (0.1ms)[0m   [0;1mSET SQL_AUTO_IS_NULL=0[0m
  [4;35;1mUser Columns (1.6ms)[0m   [0mSHOW FIELDS FROM `users`[0m
  [4;36;1mUser Load (1.3ms)[0m   [0;1mSELECT * FROM `users` WHERE (`users`.`fb_user_id` = 651476416) LIMIT 1[0m
facebook.users.getInfo (0.680157899856567) fields = status,political,pic_small,name,quotes,is_app_user,tv,profile_update_time,meeting_sex,hs_info,timezone,relationship_status,hometown_location,about_me,wall_count,significant_other_id,pic_big,music,uid,work_history,sex,religion,notes_count,activities,pic_square,movies,has_added_app,education_history,birthday,first_name,meeting_for,last_name,interests,current_location,pic,books,affiliations,locale,profile_url,proxied_email,email_hashes, uids = 651476416
  [4;35;1mUser Load (0.3ms)[0m   [0mSELECT * FROM `users` WHERE (`users`.`email_hash` IN ('2556496934_f016545d8edc3acdede5a192b0be9540')) LIMIT 1[0m
  [4;36;1mCACHE (0.0ms)[0m   [0;1mSELECT * FROM `users` WHERE (`users`.`fb_user_id` = 651476416) LIMIT 1[0m
  [4;35;1mSQL (0.1ms)[0m   [0mBEGIN[0m
  [4;36;1mUser Update (0.2ms)[0m   [0;1mUPDATE `users` SET `fb_user_id` = 651476416, `updated_at` = '2009-02-26 12:35:02' WHERE `id` = 2[0m
  [4;35;1mSQL (0.5ms)[0m   [0mCOMMIT[0m
Redirected to /
Completed in 694ms (DB: 4) | 302 Found [http://localhost/users/link_user_accounts]


Processing UsersController#home (for 127.0.0.1 at 2009-02-26 12:35:02) [GET]
  [4;36;1mSQL (0.1ms)[0m   [0;1mSET NAMES 'utf8'[0m
  [4;35;1mSQL (0.1ms)[0m   [0mSET SQL_AUTO_IS_NULL=0[0m
Rendering template within layouts/index
Rendering users/home
  [4;36;1mUser Columns (1.5ms)[0m   [0;1mSHOW FIELDS FROM `users`[0m
  [4;35;1mUser Load (0.5ms)[0m   [0mSELECT * FROM `users` WHERE (`users`.`id` = 2) LIMIT 1[0m
Completed in 14ms (View: 12, DB: 0) | 200 OK [http://localhost/]


Processing SessionsController#destroy (for 127.0.0.1 at 2009-02-26 12:35:12) [GET]
  [4;36;1mSQL (0.1ms)[0m   [0;1mSET NAMES 'utf8'[0m
  [4;35;1mSQL (0.1ms)[0m   [0mSET SQL_AUTO_IS_NULL=0[0m
Cookie set: auth_token=; path=/; expires=Thu, 01 Jan 1970 00:00:00 GMT
Redirected to /
Completed in 6ms (DB: 0) | 302 Found [http://localhost/logout]


Processing UsersController#home (for 127.0.0.1 at 2009-02-26 12:35:12) [GET]
  [4;36;1mSQL (0.1ms)[0m   [0;1mSET NAMES 'utf8'[0m
  [4;35;1mSQL (0.1ms)[0m   [0mSET SQL_AUTO_IS_NULL=0[0m
Rendering template within layouts/index
Rendering users/home
Completed in 4ms (View: 3, DB: 0) | 200 OK [http://localhost/]


Processing SessionsController#new (for 127.0.0.1 at 2009-02-26 12:35:19) [GET]
  [4;36;1mSQL (0.1ms)[0m   [0;1mSET NAMES 'utf8'[0m
  [4;35;1mSQL (0.1ms)[0m   [0mSET SQL_AUTO_IS_NULL=0[0m
Rendering template within layouts/index
Rendering sessions/new
Completed in 5ms (View: 4, DB: 0) | 200 OK [http://localhost/login]


Processing UsersController#link_user_accounts (for 127.0.0.1 at 2009-02-26 12:36:54) [GET]
  [4;36;1mSQL (0.1ms)[0m   [0;1mSET NAMES 'utf8'[0m
  [4;35;1mSQL (0.1ms)[0m   [0mSET SQL_AUTO_IS_NULL=0[0m
  [4;36;1mUser Columns (1.6ms)[0m   [0;1mSHOW FIELDS FROM `users`[0m
  [4;35;1mUser Load (0.5ms)[0m   [0mSELECT * FROM `users` WHERE (`users`.`fb_user_id` = 651476416) LIMIT 1[0m
facebook.users.getInfo (0.837790012359619) fields = status,political,pic_small,name,quotes,is_app_user,tv,profile_update_time,meeting_sex,hs_info,timezone,relationship_status,hometown_location,about_me,wall_count,significant_other_id,pic_big,music,uid,work_history,sex,religion,notes_count,activities,pic_square,movies,has_added_app,education_history,birthday,first_name,meeting_for,last_name,interests,current_location,pic,books,affiliations,locale,profile_url,proxied_email,email_hashes, uids = 651476416
  [4;36;1mUser Load (0.3ms)[0m   [0;1mSELECT * FROM `users` WHERE (`users`.`email_hash` IN ('2556496934_f016545d8edc3acdede5a192b0be9540')) LIMIT 1[0m
  [4;35;1mSQL (0.1ms)[0m   [0mBEGIN[0m
  [4;36;1mUser Create (0.2ms)[0m   [0;1mINSERT INTO `users` (`name`, `salt`, `updated_at`, `crypted_password`, `remember_token_expires_at`, `fb_user_id`, `email_hash`, `remember_token`, `login`, `email`, `created_at`) VALUES('Stuart Eccles', NULL, '2009-02-26 12:36:55', NULL, NULL, 651476416, NULL, NULL, 'facebooker_651476416', '', '2009-02-26 12:36:55')[0m
facebook.connect.registerUsers (0.660490036010742) accounts = [{"email_hash": "0_d41d8cd98f00b204e9800998ecf8427e", "account_id": 3}]
  [4;35;1mUser Update (0.3ms)[0m   [0mUPDATE `users` SET `created_at` = '2009-02-26 12:36:55', `login` = 'facebooker_651476416', `email` = '', `email_hash` = '0_d41d8cd98f00b204e9800998ecf8427e', `fb_user_id` = 651476416, `updated_at` = '2009-02-26 12:36:56', `name` = 'Stuart Eccles' WHERE `id` = 3[0m
  [4;36;1mSQL (0.4ms)[0m   [0;1mCOMMIT[0m
Redirected to /
Completed in 1515ms (DB: 4) | 302 Found [http://localhost/users/link_user_accounts]


Processing UsersController#home (for 127.0.0.1 at 2009-02-26 12:36:56) [GET]
  [4;35;1mSQL (0.1ms)[0m   [0mSET NAMES 'utf8'[0m
  [4;36;1mSQL (0.1ms)[0m   [0;1mSET SQL_AUTO_IS_NULL=0[0m
Rendering template within layouts/index
Rendering users/home
  [4;35;1mUser Columns (1.5ms)[0m   [0mSHOW FIELDS FROM `users`[0m
  [4;36;1mUser Load (0.5ms)[0m   [0;1mSELECT * FROM `users` WHERE (`users`.`fb_user_id` = 651476416) LIMIT 1[0m
Completed in 14ms (View: 13, DB: 0) | 200 OK [http://localhost/]
  [4;36;1mSQL (0.3ms)[0m   [0;1mSET NAMES 'utf8'[0m
  [4;35;1mSQL (0.1ms)[0m   [0mSET SQL_AUTO_IS_NULL=0[0m
  [4;36;1mSQL (0.4ms)[0m   [0;1mSHOW TABLES[0m
  [4;35;1mSQL (74.7ms)[0m   [0mCREATE TABLE `schema_migrations` (`version` varchar(255) NOT NULL) ENGINE=InnoDB[0m
  [4;36;1mSQL (5.0ms)[0m   [0;1mCREATE UNIQUE INDEX `unique_schema_migrations` ON `schema_migrations` (`version`)[0m
  [4;35;1mSQL (0.3ms)[0m   [0mSHOW TABLES[0m
  [4;36;1mSQL (0.3ms)[0m   [0;1mSELECT version FROM schema_migrations[0m
Migrating to CreateUsers (20090226114049)
  [4;35;1mSQL (0.4ms)[0m   [0mSHOW TABLES[0m
  [4;36;1mSQL (2.7ms)[0m   [0;1mCREATE TABLE `users` (`id` int(11) DEFAULT NULL auto_increment PRIMARY KEY, `login` varchar(40), `name` varchar(100) DEFAULT '', `email` varchar(100), `crypted_password` varchar(40), `salt` varchar(40), `created_at` datetime, `updated_at` datetime, `remember_token` varchar(40), `remember_token_expires_at` datetime) ENGINE=InnoDB[0m
  [4;35;1mSQL (4.9ms)[0m   [0mCREATE UNIQUE INDEX `index_users_on_login` ON `users` (`login`)[0m
  [4;36;1mSQL (0.8ms)[0m   [0;1mINSERT INTO schema_migrations (version) VALUES ('20090226114049')[0m
Migrating to AddUsersFb (20090226114455)
  [4;35;1mSQL (5.3ms)[0m   [0mALTER TABLE `users` ADD `fb_user_id` int(11)[0m
  [4;36;1mSQL (5.0ms)[0m   [0;1mALTER TABLE `users` ADD `email_hash` varchar(255)[0m
  [4;35;1mSQL (5.4ms)[0m   [0malter table users modify fb_user_id bigint[0m
  [4;36;1mSQL (0.8ms)[0m   [0;1mINSERT INTO schema_migrations (version) VALUES ('20090226114455')[0m
  [4;35;1mSQL (0.4ms)[0m   [0mSHOW TABLES[0m
  [4;36;1mSQL (0.2ms)[0m   [0;1mSELECT version FROM schema_migrations[0m
  [4;35;1mSQL (0.2ms)[0m   [0mSHOW TABLES[0m
  [4;36;1mSQL (3.9ms)[0m   [0;1mSHOW FIELDS FROM `users`[0m
  [4;35;1mSQL (2.7ms)[0m   [0mdescribe `users`[0m
  [4;36;1mSQL (1.8ms)[0m   [0;1mSHOW KEYS FROM `users`[0m


Processing UsersController#home (for 127.0.0.1 at 2009-06-19 19:39:24) [GET]
  [4;36;1mSQL (0.2ms)[0m   [0;1mSET NAMES 'utf8'[0m
  [4;35;1mSQL (0.1ms)[0m   [0mSET SQL_AUTO_IS_NULL=0[0m
Rendering template within layouts/index
Rendering users/home
Completed in 6ms (View: 4, DB: 0) | 200 OK [http://localhost/]


Processing SessionsController#new (for 127.0.0.1 at 2009-06-19 19:40:05) [GET]
  [4;36;1mSQL (0.1ms)[0m   [0;1mSET NAMES 'utf8'[0m
  [4;35;1mSQL (0.1ms)[0m   [0mSET SQL_AUTO_IS_NULL=0[0m
Rendering template within layouts/index
Rendering sessions/new
Completed in 6ms (View: 4, DB: 0) | 200 OK [http://localhost/login]


Processing SessionsController#new (for 127.0.0.1 at 2009-06-19 19:49:57) [GET]
  [4;36;1mSQL (0.1ms)[0m   [0;1mSET NAMES 'utf8'[0m
  [4;35;1mSQL (0.1ms)[0m   [0mSET SQL_AUTO_IS_NULL=0[0m
Rendering template within layouts/index
Rendering sessions/new
Completed in 6ms (View: 5, DB: 0) | 200 OK [http://localhost/login]


Processing SessionsController#new (for 127.0.0.1 at 2009-06-19 19:51:45) [GET]
  [4;36;1mSQL (2.0ms)[0m   [0;1mSET NAMES 'utf8'[0m
  [4;35;1mSQL (0.1ms)[0m   [0mSET SQL_AUTO_IS_NULL=0[0m
Rendering template within layouts/index
Rendering sessions/new
Completed in 78ms (View: 70, DB: 2) | 200 OK [http://localhost/login]


Processing SessionsController#new (for 127.0.0.1 at 2009-06-19 19:57:41) [GET]
  [4;36;1mSQL (0.2ms)[0m   [0;1mSET NAMES 'utf8'[0m
  [4;35;1mSQL (0.1ms)[0m   [0mSET SQL_AUTO_IS_NULL=0[0m
Rendering template within layouts/index
Rendering sessions/new
Completed in 7ms (View: 5, DB: 0) | 200 OK [http://localhost/login]


Processing UsersController#home (for 127.0.0.1 at 2009-06-27 01:01:22) [GET]
  [4;36;1mSQL (0.2ms)[0m   [0;1mSET NAMES 'utf8'[0m
  [4;35;1mSQL (0.1ms)[0m   [0mSET SQL_AUTO_IS_NULL=0[0m
Rendering template within layouts/index
Rendering users/home
Completed in 7ms (View: 5, DB: 0) | 200 OK [http://localhost/]


Processing SessionsController#new (for 127.0.0.1 at 2009-06-27 01:01:27) [GET]
  [4;36;1mSQL (0.1ms)[0m   [0;1mSET NAMES 'utf8'[0m
  [4;35;1mSQL (0.1ms)[0m   [0mSET SQL_AUTO_IS_NULL=0[0m
Rendering template within layouts/index
Rendering sessions/new
Completed in 34ms (View: 33, DB: 0) | 200 OK [http://localhost/login]


Processing SessionsController#new (for 127.0.0.1 at 2009-06-27 03:24:51) [GET]
  [4;36;1mSQL (0.3ms)[0m   [0;1mSET NAMES 'utf8'[0m
  [4;35;1mSQL (0.1ms)[0m   [0mSET SQL_AUTO_IS_NULL=0[0m
Rendering template within layouts/index
Rendering sessions/new
Completed in 36ms (View: 34, DB: 0) | 200 OK [http://localhost/login]


Processing SessionsController#new (for 127.0.0.1 at 2009-06-27 16:08:19) [GET]
  [4;36;1mSQL (0.3ms)[0m   [0;1mSET NAMES 'utf8'[0m
  [4;35;1mSQL (0.1ms)[0m   [0mSET SQL_AUTO_IS_NULL=0[0m
Rendering template within layouts/index
Rendering sessions/new
Completed in 8ms (View: 6, DB: 0) | 200 OK [http://localhost/login]


Processing SessionsController#new (for 127.0.0.1 at 2009-06-27 16:45:26) [GET]
  [4;36;1mSQL (0.1ms)[0m   [0;1mSET NAMES 'utf8'[0m
  [4;35;1mSQL (0.1ms)[0m   [0mSET SQL_AUTO_IS_NULL=0[0m
Rendering template within layouts/index
Rendering sessions/new
Completed in 9ms (View: 7, DB: 0) | 200 OK [http://localhost/login]


Processing SessionsController#new (for 127.0.0.1 at 2009-06-27 16:46:15) [GET]
  [4;36;1mSQL (0.1ms)[0m   [0;1mSET NAMES 'utf8'[0m
  [4;35;1mSQL (0.1ms)[0m   [0mSET SQL_AUTO_IS_NULL=0[0m
Rendering template within layouts/index
Rendering sessions/new
Completed in 6ms (View: 4, DB: 0) | 200 OK [http://web1.tunnlr.com/login]


Processing SessionsController#new (for 127.0.0.1 at 2009-06-27 21:36:38) [GET]
  [4;36;1mSQL (0.3ms)[0m   [0;1mSET NAMES 'utf8'[0m
  [4;35;1mSQL (0.1ms)[0m   [0mSET SQL_AUTO_IS_NULL=0[0m
Rendering template within layouts/index
Rendering sessions/new
Completed in 41ms (View: 40, DB: 0) | 200 OK [http://localhost/login]


Processing SessionsController#new (for 127.0.0.1 at 2009-06-27 21:51:58) [GET]
  [4;36;1mSQL (0.3ms)[0m   [0;1mSET NAMES 'utf8'[0m
  [4;35;1mSQL (0.1ms)[0m   [0mSET SQL_AUTO_IS_NULL=0[0m
Rendering template within layouts/index
Rendering sessions/new
Completed in 8ms (View: 6, DB: 0) | 200 OK [http://localhost/login]


Processing SessionsController#new (for 127.0.0.1 at 2009-06-27 21:52:05) [GET]
  [4;36;1mSQL (0.1ms)[0m   [0;1mSET NAMES 'utf8'[0m
  [4;35;1mSQL (0.1ms)[0m   [0mSET SQL_AUTO_IS_NULL=0[0m
Rendering template within layouts/index
Rendering sessions/new
Completed in 6ms (View: 4, DB: 0) | 200 OK [http://web1.tunnlr.com/login]


Processing SessionsController#new (for 127.0.0.1 at 2009-06-27 22:16:52) [GET]
  [4;36;1mSQL (0.1ms)[0m   [0;1mSET NAMES 'utf8'[0m
  [4;35;1mSQL (0.1ms)[0m   [0mSET SQL_AUTO_IS_NULL=0[0m
Rendering template within layouts/index
Rendering sessions/new
Completed in 6ms (View: 4, DB: 0) | 200 OK [http://web1.tunnlr.com/login]


Processing SessionsController#new (for 127.0.0.1 at 2009-06-28 19:53:14) [GET]
  [4;36;1mSQL (0.3ms)[0m   [0;1mSET NAMES 'utf8'[0m
  [4;35;1mSQL (0.2ms)[0m   [0mSET SQL_AUTO_IS_NULL=0[0m
Rendering template within layouts/index
Rendering sessions/new
Completed in 35ms (View: 33, DB: 0) | 200 OK [http://localhost/login]


Processing SessionsController#new (for 127.0.0.1 at 2009-06-28 19:57:08) [GET]
  [4;36;1mSQL (0.7ms)[0m   [0;1mSET NAMES 'utf8'[0m
  [4;35;1mSQL (0.1ms)[0m   [0mSET SQL_AUTO_IS_NULL=0[0m
Rendering template within layouts/index
Rendering sessions/new
Completed in 6ms (View: 5, DB: 1) | 200 OK [http://localhost/login]


Processing SessionsController#new (for 127.0.0.1 at 2009-06-28 23:09:16) [GET]
  [4;36;1mSQL (0.4ms)[0m   [0;1mSET NAMES 'utf8'[0m
  [4;35;1mSQL (0.1ms)[0m   [0mSET SQL_AUTO_IS_NULL=0[0m
Rendering template within layouts/index
Rendering sessions/new
Completed in 7ms (View: 6, DB: 1) | 200 OK [http://localhost/login]


Processing SessionsController#new (for 127.0.0.1 at 2009-08-27 17:50:27) [GET]
  [4;36;1mSQL (0.2ms)[0m   [0;1mSET NAMES 'utf8'[0m
  [4;35;1mSQL (0.1ms)[0m   [0mSET SQL_AUTO_IS_NULL=0[0m
Rendering template within layouts/index
Rendering sessions/new
Completed in 31ms (View: 29, DB: 0) | 200 OK [http://web1.tunnlr.com/login]


Processing UsersController#link_user_accounts (for 127.0.0.1 at 2009-08-27 17:50:37) [GET]
  [4;36;1mSQL (0.1ms)[0m   [0;1mSET NAMES 'utf8'[0m
  [4;35;1mSQL (0.1ms)[0m   [0mSET SQL_AUTO_IS_NULL=0[0m
  [4;36;1mUser Columns (99.2ms)[0m   [0;1mSHOW FIELDS FROM `users`[0m
  [4;35;1mUser Load (0.3ms)[0m   [0mSELECT * FROM `users` WHERE (`users`.`fb_user_id` = 12414065) LIMIT 1[0m
facebook.users.getInfo (0.792218923568726) uids = 12414065, fields = status,political,pic_small,name,quotes,is_app_user,tv,profile_update_time,meeting_sex,hs_info,timezone,relationship_status,hometown_location,about_me,wall_count,significant_other_id,pic_big,music,uid,work_history,sex,religion,notes_count,activities,pic_square,movies,has_added_app,education_history,birthday,first_name,meeting_for,last_name,interests,current_location,pic,books,affiliations,locale,profile_url,proxied_email,email_hashes
  [4;36;1mUser Load (0.3ms)[0m   [0;1mSELECT * FROM `users` WHERE (`users`.`email_hash` IN (NULL)) LIMIT 1[0m
  [4;35;1mSQL (0.1ms)[0m   [0mBEGIN[0m
  [4;36;1mUser Create (23.7ms)[0m   [0;1mINSERT INTO `users` (`name`, `salt`, `updated_at`, `crypted_password`, `remember_token_expires_at`, `fb_user_id`, `email_hash`, `remember_token`, `login`, `email`, `created_at`) VALUES('Shantanu Bhardwaj', NULL, '2009-08-28 00:50:38', NULL, NULL, 12414065, NULL, NULL, 'facebooker_12414065', '', '2009-08-28 00:50:38')[0m
facebook.connect.registerUsers (0.224447011947632) accounts = [{"email_hash": "0_d41d8cd98f00b204e9800998ecf8427e", "account_id": 1}]
  [4;35;1mUser Update (0.4ms)[0m   [0mUPDATE `users` SET `created_at` = '2009-08-28 00:50:38', `login` = 'facebooker_12414065', `email` = '', `email_hash` = '0_d41d8cd98f00b204e9800998ecf8427e', `fb_user_id` = 12414065, `updated_at` = '2009-08-28 00:50:38', `name` = 'Shantanu Bhardwaj' WHERE `id` = 1[0m
  [4;36;1mSQL (0.7ms)[0m   [0;1mCOMMIT[0m
Redirected to /
Completed in 1182ms (DB: 125) | 302 Found [http://web1.tunnlr.com/users/link_user_accounts]


Processing UsersController#home (for 127.0.0.1 at 2009-08-27 17:50:38) [GET]
  [4;35;1mSQL (0.1ms)[0m   [0mSET NAMES 'utf8'[0m
  [4;36;1mSQL (0.1ms)[0m   [0;1mSET SQL_AUTO_IS_NULL=0[0m
Rendering template within layouts/index
Rendering users/home
  [4;35;1mUser Columns (2.7ms)[0m   [0mSHOW FIELDS FROM `users`[0m
  [4;36;1mUser Load (0.9ms)[0m   [0;1mSELECT * FROM `users` WHERE (`users`.`fb_user_id` = 12414065) LIMIT 1[0m
Completed in 17ms (View: 16, DB: 0) | 200 OK [http://web1.tunnlr.com/]


Processing SessionsController#destroy (for 127.0.0.1 at 2009-08-27 17:50:50) [GET]
  [4;35;1mSQL (0.1ms)[0m   [0mSET NAMES 'utf8'[0m
  [4;36;1mSQL (0.1ms)[0m   [0;1mSET SQL_AUTO_IS_NULL=0[0m
Cookie set: auth_token=; path=/; expires=Thu, 01 Jan 1970 00:00:00 GMT
Redirected to /
Completed in 97ms (DB: 0) | 302 Found [http://web1.tunnlr.com/logout]


Processing UsersController#home (for 127.0.0.1 at 2009-08-27 17:50:51) [GET]
  [4;35;1mSQL (0.1ms)[0m   [0mSET NAMES 'utf8'[0m
  [4;36;1mSQL (0.1ms)[0m   [0;1mSET SQL_AUTO_IS_NULL=0[0m
Rendering template within layouts/index
Rendering users/home
Completed in 5ms (View: 4, DB: 0) | 200 OK [http://web1.tunnlr.com/]


Processing SessionsController#new (for 127.0.0.1 at 2009-08-27 17:50:54) [GET]
  [4;35;1mSQL (0.1ms)[0m   [0mSET NAMES 'utf8'[0m
  [4;36;1mSQL (0.1ms)[0m   [0;1mSET SQL_AUTO_IS_NULL=0[0m
Rendering template within layouts/index
Rendering sessions/new
Completed in 6ms (View: 4, DB: 0) | 200 OK [http://web1.tunnlr.com/login]


Processing UsersController#link_user_accounts (for 127.0.0.1 at 2009-08-27 17:52:22) [GET]
  [4;36;1mSQL (0.3ms)[0m   [0;1mSET NAMES 'utf8'[0m
  [4;35;1mSQL (0.1ms)[0m   [0mSET SQL_AUTO_IS_NULL=0[0m
  [4;36;1mUser Columns (2.5ms)[0m   [0;1mSHOW FIELDS FROM `users`[0m
  [4;35;1mUser Load (0.3ms)[0m   [0mSELECT * FROM `users` WHERE (`users`.`fb_user_id` = 12414065) LIMIT 1[0m
Redirected to /
Completed in 5734ms (DB: 3) | 302 Found [http://web1.tunnlr.com/users/link_user_accounts]


Processing UsersController#home (for 127.0.0.1 at 2009-08-27 17:52:28) [GET]
  [4;36;1mSQL (0.1ms)[0m   [0;1mSET NAMES 'utf8'[0m
  [4;35;1mSQL (0.1ms)[0m   [0mSET SQL_AUTO_IS_NULL=0[0m
Rendering template within layouts/index
Rendering users/home
  [4;36;1mUser Columns (2.1ms)[0m   [0;1mSHOW FIELDS FROM `users`[0m
  [4;35;1mUser Load (0.3ms)[0m   [0mSELECT * FROM `users` WHERE (`users`.`id` = 1) LIMIT 1[0m
Completed in 19ms (View: 17, DB: 0) | 200 OK [http://web1.tunnlr.com/]


Processing SessionsController#new (for 127.0.0.1 at 2009-09-01 15:07:01) [GET]
  [4;36;1mSQL (0.4ms)[0m   [0;1mSET NAMES 'utf8'[0m
  [4;35;1mSQL (0.1ms)[0m   [0mSET SQL_AUTO_IS_NULL=0[0m
Rendering template within layouts/index
Rendering sessions/new
Completed in 35ms (View: 34, DB: 0) | 200 OK [http://localhost/login]


Processing UsersController#home (for 127.0.0.1 at 2009-09-01 15:07:49) [GET]
  Parameters: {"session"=>"{\"session_key\":\"80187178982b481069c8a08b-12414065\",\"uid\":\"12414065\",\"expires\":0,\"secret\":\"06894feee6b14fba017a71ded26d7ac2\",\"sig\":\"3d108e169cde3f623d42808802c47c0e\"}", "next"=>"http://localhost:3000/xd_receiver.html?fb_login&fname=_opener&guid=0.8285629467168837"}
  [4;36;1mSQL (0.1ms)[0m   [0;1mSET NAMES 'utf8'[0m
  [4;35;1mSQL (0.1ms)[0m   [0mSET SQL_AUTO_IS_NULL=0[0m
Rendering template within layouts/index
Rendering users/home
Completed in 7ms (View: 6, DB: 0) | 200 OK [http://web1.tunnlr.com/?session=%7B%22session_key%22%3A%2280187178982b481069c8a08b-12414065%22%2C%22uid%22%3A%2212414065%22%2C%22expires%22%3A0%2C%22secret%22%3A%2206894feee6b14fba017a71ded26d7ac2%22%2C%22sig%22%3A%223d108e169cde3f623d42808802c47c0e%22%7D&next=http%3A%2F%2Flocalhost%3A3000%2Fxd_receiver.html%3Ffb_login%26fname%3D_opener%26guid%3D0.8285629467168837]


Processing UsersController#home (for 127.0.0.1 at 2009-09-01 15:08:51) [GET]
  [4;36;1mSQL (0.1ms)[0m   [0;1mSET NAMES 'utf8'[0m
  [4;35;1mSQL (0.1ms)[0m   [0mSET SQL_AUTO_IS_NULL=0[0m
Rendering template within layouts/index
Rendering users/home
Completed in 7ms (View: 6, DB: 0) | 200 OK [http://web1.tunnlr.com/]


Processing SessionsController#new (for 127.0.0.1 at 2009-09-01 15:09:23) [GET]
  [4;36;1mSQL (0.1ms)[0m   [0;1mSET NAMES 'utf8'[0m
  [4;35;1mSQL (0.1ms)[0m   [0mSET SQL_AUTO_IS_NULL=0[0m
Rendering template within layouts/index
Rendering sessions/new
Completed in 6ms (View: 4, DB: 0) | 200 OK [http://web1.tunnlr.com/login]


Processing SessionsController#new (for 127.0.0.1 at 2009-09-01 15:09:24) [GET]
  [4;36;1mSQL (0.1ms)[0m   [0;1mSET NAMES 'utf8'[0m
  [4;35;1mSQL (0.1ms)[0m   [0mSET SQL_AUTO_IS_NULL=0[0m
Rendering template within layouts/index
Rendering sessions/new
Completed in 5ms (View: 4, DB: 0) | 200 OK [http://web1.tunnlr.com/login]


Processing UsersController#home (for 127.0.0.1 at 2009-09-01 15:09:29) [GET]
  [4;36;1mSQL (0.1ms)[0m   [0;1mSET NAMES 'utf8'[0m
  [4;35;1mSQL (0.1ms)[0m   [0mSET SQL_AUTO_IS_NULL=0[0m
Rendering template within layouts/index
Rendering users/home
  [4;36;1mUser Columns (19.4ms)[0m   [0;1mSHOW FIELDS FROM `users`[0m
  [4;35;1mUser Load (0.5ms)[0m   [0mSELECT * FROM `users` WHERE (`users`.`fb_user_id` = 12414065) LIMIT 1[0m
Completed in 49ms (View: 46, DB: 0) | 200 OK [http://web1.tunnlr.com/]


Processing SessionsController#new (for 127.0.0.1 at 2009-09-01 15:10:23) [GET]
  [4;36;1mSQL (0.1ms)[0m   [0;1mSET NAMES 'utf8'[0m
  [4;35;1mSQL (0.1ms)[0m   [0mSET SQL_AUTO_IS_NULL=0[0m
Rendering template within layouts/index
Rendering sessions/new
Completed in 7ms (View: 5, DB: 0) | 200 OK [http://web1.tunnlr.com/login]


Processing SessionsController#new (for 127.0.0.1 at 2009-09-01 15:19:33) [GET]
  [4;36;1mSQL (0.3ms)[0m   [0;1mSET NAMES 'utf8'[0m
  [4;35;1mSQL (0.1ms)[0m   [0mSET SQL_AUTO_IS_NULL=0[0m
Rendering template within layouts/index
Rendering sessions/new
Completed in 6ms (View: 5, DB: 0) | 200 OK [http://web1.tunnlr.com/login]


Processing SessionsController#new (for 127.0.0.1 at 2009-09-01 15:24:40) [GET]
  [4;36;1mSQL (0.2ms)[0m   [0;1mSET NAMES 'utf8'[0m
  [4;35;1mSQL (0.1ms)[0m   [0mSET SQL_AUTO_IS_NULL=0[0m
Rendering template within layouts/index
Rendering sessions/new
Completed in 6ms (View: 5, DB: 0) | 200 OK [http://web1.tunnlr.com/login]


Processing UsersController#link_user_accounts (for 127.0.0.1 at 2009-09-01 15:25:49) [GET]
  [4;36;1mSQL (0.1ms)[0m   [0;1mSET NAMES 'utf8'[0m
  [4;35;1mSQL (0.1ms)[0m   [0mSET SQL_AUTO_IS_NULL=0[0m

***** Debugger requested, but was not available: Start server with --debugger to enable *****
  [4;36;1mUser Columns (2.2ms)[0m   [0;1mSHOW FIELDS FROM `users`[0m
  [4;35;1mUser Load (1.4ms)[0m   [0mSELECT * FROM `users` WHERE (`users`.`fb_user_id` = 12414065) LIMIT 1[0m
Redirected to /
Completed in 19ms (DB: 4) | 302 Found [http://web1.tunnlr.com/users/link_user_accounts]


Processing UsersController#home (for 127.0.0.1 at 2009-09-01 15:26:20) [GET]
  [4;36;1mSQL (0.1ms)[0m   [0;1mSET NAMES 'utf8'[0m
  [4;35;1mSQL (0.1ms)[0m   [0mSET SQL_AUTO_IS_NULL=0[0m
Rendering template within layouts/index
Rendering users/home
  [4;36;1mUser Columns (1.9ms)[0m   [0;1mSHOW FIELDS FROM `users`[0m
  [4;35;1mUser Load (1.1ms)[0m   [0mSELECT * FROM `users` WHERE (`users`.`id` = 1) LIMIT 1[0m
Completed in 76ms (View: 74, DB: 0) | 200 OK [http://web1.tunnlr.com/]


Processing SessionsController#destroy (for 127.0.0.1 at 2009-09-01 15:28:04) [GET]
  [4;36;1mSQL (0.2ms)[0m   [0;1mSET NAMES 'utf8'[0m
  [4;35;1mSQL (0.1ms)[0m   [0mSET SQL_AUTO_IS_NULL=0[0m
Cookie set: auth_token=; path=/; expires=Thu, 01 Jan 1970 00:00:00 GMT
Redirected to /
Completed in 108ms (DB: 0) | 302 Found [http://web1.tunnlr.com/logout]


Processing UsersController#home (for 127.0.0.1 at 2009-09-01 15:28:08) [GET]
  [4;36;1mSQL (0.1ms)[0m   [0;1mSET NAMES 'utf8'[0m
  [4;35;1mSQL (0.1ms)[0m   [0mSET SQL_AUTO_IS_NULL=0[0m
Rendering template within layouts/index
Rendering users/home
Completed in 5ms (View: 4, DB: 0) | 200 OK [http://web1.tunnlr.com/]


Processing UsersController#home (for 127.0.0.1 at 2009-09-17 13:41:36) [GET]


Processing UsersController#home (for 127.0.0.1 at 2009-09-17 13:41:36) [GET]


Mysql::Error (Access denied for user 'root'@'localhost' (using password: NO)):
    /Library/Ruby/Gems/1.8/gems/activerecord-2.2.2/lib/active_record/connection_adapters/mysql_adapter.rb:548:in `real_connect'
    /Library/Ruby/Gems/1.8/gems/activerecord-2.2.2/lib/active_record/connection_adapters/mysql_adapter.rb:548:in `connect'
    /Library/Ruby/Gems/1.8/gems/activerecord-2.2.2/lib/active_record/connection_adapters/mysql_adapter.rb:198:in `initialize'
    /Library/Ruby/Gems/1.8/gems/activerecord-2.2.2/lib/active_record/connection_adapters/mysql_adapter.rb:74:in `new'
    /Library/Ruby/Gems/1.8/gems/activerecord-2.2.2/lib/active_record/connection_adapters/mysql_adapter.rb:74:in `mysql_connection'
    /Library/Ruby/Gems/1.8/gems/activerecord-2.2.2/lib/active_record/connection_adapters/abstract/connection_pool.rb:223:in `send'
    /Library/Ruby/Gems/1.8/gems/activerecord-2.2.2/lib/active_record/connection_adapters/abstract/connection_pool.rb:223:in `new_connection'
    /Library/Ruby/Gems/1.8/gems/activerecord-2.2.2/lib/active_record/connection_adapters/abstract/connection_pool.rb:245:in `checkout_new_connection'
    /Library/Ruby/Gems/1.8/gems/activerecord-2.2.2/lib/active_record/connection_adapters/abstract/connection_pool.rb:188:in `checkout'
    /Library/Ruby/Gems/1.8/gems/activerecord-2.2.2/lib/active_record/connection_adapters/abstract/connection_pool.rb:184:in `loop'
    /Library/Ruby/Gems/1.8/gems/activerecord-2.2.2/lib/active_record/connection_adapters/abstract/connection_pool.rb:184:in `checkout'
    /System/Library/Frameworks/Ruby.framework/Versions/1.8/usr/lib/ruby/1.8/monitor.rb:242:in `synchronize'
    /Library/Ruby/Gems/1.8/gems/activerecord-2.2.2/lib/active_record/connection_adapters/abstract/connection_pool.rb:183:in `checkout'
    /Library/Ruby/Gems/1.8/gems/activerecord-2.2.2/lib/active_record/connection_adapters/abstract/connection_pool.rb:98:in `connection'
    /Library/Ruby/Gems/1.8/gems/activerecord-2.2.2/lib/active_record/connection_adapters/abstract/connection_pool.rb:326:in `retrieve_connection'
    /Library/Ruby/Gems/1.8/gems/activerecord-2.2.2/lib/active_record/connection_adapters/abstract/connection_specification.rb:121:in `retrieve_connection'
    /Library/Ruby/Gems/1.8/gems/activerecord-2.2.2/lib/active_record/connection_adapters/abstract/connection_specification.rb:113:in `connection'
    /Library/Ruby/Gems/1.8/gems/activerecord-2.2.2/lib/active_record/query_cache.rb:8:in `cache'
    /Library/Ruby/Gems/1.8/gems/actionpack-2.2.2/lib/action_controller/caching/sql_cache.rb:12:in `perform_action'
    /Library/Ruby/Gems/1.8/gems/actionpack-2.2.2/lib/action_controller/base.rb:524:in `send'
    /Library/Ruby/Gems/1.8/gems/actionpack-2.2.2/lib/action_controller/base.rb:524:in `process_without_filters'
    /Library/Ruby/Gems/1.8/gems/actionpack-2.2.2/lib/action_controller/filters.rb:606:in `process_without_session_management_support'
    /Library/Ruby/Gems/1.8/gems/actionpack-2.2.2/lib/action_controller/session_management.rb:134:in `process'
    /Library/Ruby/Gems/1.8/gems/actionpack-2.2.2/lib/action_controller/base.rb:392:in `process'
    /Library/Ruby/Gems/1.8/gems/actionpack-2.2.2/lib/action_controller/dispatcher.rb:183:in `handle_request'
    /Library/Ruby/Gems/1.8/gems/actionpack-2.2.2/lib/action_controller/dispatcher.rb:110:in `dispatch_unlocked'
    /Library/Ruby/Gems/1.8/gems/actionpack-2.2.2/lib/action_controller/dispatcher.rb:123:in `dispatch'
    /Library/Ruby/Gems/1.8/gems/actionpack-2.2.2/lib/action_controller/dispatcher.rb:122:in `synchronize'
    /Library/Ruby/Gems/1.8/gems/actionpack-2.2.2/lib/action_controller/dispatcher.rb:122:in `dispatch'
    /Library/Ruby/Gems/1.8/gems/actionpack-2.2.2/lib/action_controller/dispatcher.rb:132:in `dispatch_cgi'
    /Library/Ruby/Gems/1.8/gems/actionpack-2.2.2/lib/action_controller/dispatcher.rb:39:in `dispatch'
    /Library/Ruby/Gems/1.8/gems/mongrel-1.1.5/bin/../lib/mongrel/rails.rb:76:in `process'
    /Library/Ruby/Gems/1.8/gems/mongrel-1.1.5/bin/../lib/mongrel/rails.rb:74:in `synchronize'
    /Library/Ruby/Gems/1.8/gems/mongrel-1.1.5/bin/../lib/mongrel/rails.rb:74:in `process'
    /Library/Ruby/Gems/1.8/gems/mongrel-1.1.5/lib/mongrel.rb:159:in `process_client'
    /Library/Ruby/Gems/1.8/gems/mongrel-1.1.5/lib/mongrel.rb:158:in `each'
    /Library/Ruby/Gems/1.8/gems/mongrel-1.1.5/lib/mongrel.rb:158:in `process_client'
    /Library/Ruby/Gems/1.8/gems/mongrel-1.1.5/lib/mongrel.rb:285:in `run'
    /Library/Ruby/Gems/1.8/gems/mongrel-1.1.5/lib/mongrel.rb:285:in `initialize'
    /Library/Ruby/Gems/1.8/gems/mongrel-1.1.5/lib/mongrel.rb:285:in `new'
    /Library/Ruby/Gems/1.8/gems/mongrel-1.1.5/lib/mongrel.rb:285:in `run'
    /Library/Ruby/Gems/1.8/gems/mongrel-1.1.5/lib/mongrel.rb:268:in `initialize'
    /Library/Ruby/Gems/1.8/gems/mongrel-1.1.5/lib/mongrel.rb:268:in `new'
    /Library/Ruby/Gems/1.8/gems/mongrel-1.1.5/lib/mongrel.rb:268:in `run'
    /Library/Ruby/Gems/1.8/gems/mongrel-1.1.5/lib/mongrel/configurator.rb:282:in `run'
    /Library/Ruby/Gems/1.8/gems/mongrel-1.1.5/lib/mongrel/configurator.rb:281:in `each'
    /Library/Ruby/Gems/1.8/gems/mongrel-1.1.5/lib/mongrel/configurator.rb:281:in `run'
    /Library/Ruby/Gems/1.8/gems/mongrel-1.1.5/bin/mongrel_rails:128:in `run'
    /Library/Ruby/Gems/1.8/gems/mongrel-1.1.5/lib/mongrel/command.rb:212:in `run'
    /Library/Ruby/Gems/1.8/gems/mongrel-1.1.5/bin/mongrel_rails:281
    /Library/Ruby/Gems/1.8/gems/activesupport-2.2.2/lib/active_support/dependencies.rb:142:in `load_without_new_constant_marking'
    /Library/Ruby/Gems/1.8/gems/activesupport-2.2.2/lib/active_support/dependencies.rb:142:in `load'
    /Library/Ruby/Gems/1.8/gems/activesupport-2.2.2/lib/active_support/dependencies.rb:521:in `new_constants_in'
    /Library/Ruby/Gems/1.8/gems/activesupport-2.2.2/lib/active_support/dependencies.rb:142:in `load'
    /Library/Ruby/Gems/1.8/gems/rails-2.2.2/lib/commands/servers/mongrel.rb:64
    /Library/Ruby/Site/1.8/rubygems/custom_require.rb:31:in `gem_original_require'
    /Library/Ruby/Site/1.8/rubygems/custom_require.rb:31:in `require'
    /Library/Ruby/Gems/1.8/gems/activesupport-2.2.2/lib/active_support/dependencies.rb:153:in `require'
    /Library/Ruby/Gems/1.8/gems/activesupport-2.2.2/lib/active_support/dependencies.rb:521:in `new_constants_in'
    /Library/Ruby/Gems/1.8/gems/activesupport-2.2.2/lib/active_support/dependencies.rb:153:in `require'
    /Library/Ruby/Gems/1.8/gems/rails-2.2.2/lib/commands/server.rb:49
    /Library/Ruby/Site/1.8/rubygems/custom_require.rb:31:in `gem_original_require'
    /Library/Ruby/Site/1.8/rubygems/custom_require.rb:31:in `require'
    script/server:3

Rendered /Library/Ruby/Gems/1.8/gems/actionpack-2.2.2/lib/action_controller/templates/rescues/_trace (33.8ms)
Rendered /Library/Ruby/Gems/1.8/gems/actionpack-2.2.2/lib/action_controller/templates/rescues/_request_and_response (2.5ms)
Rendering /Users/shan/projects/temp/restful-authentication-facebook-connect-tutorial/vendor/plugins/facebooker/templates/layout.erb (200)


Processing UsersController#home (for 127.0.0.1 at 2009-09-17 13:42:43) [GET]


Processing UsersController#home (for 127.0.0.1 at 2009-09-17 13:42:43) [GET]


Mysql::Error (Unknown database 'connect_tutorial_development'):
    /Library/Ruby/Gems/1.8/gems/activerecord-2.2.2/lib/active_record/connection_adapters/mysql_adapter.rb:548:in `real_connect'
    /Library/Ruby/Gems/1.8/gems/activerecord-2.2.2/lib/active_record/connection_adapters/mysql_adapter.rb:548:in `connect'
    /Library/Ruby/Gems/1.8/gems/activerecord-2.2.2/lib/active_record/connection_adapters/mysql_adapter.rb:198:in `initialize'
    /Library/Ruby/Gems/1.8/gems/activerecord-2.2.2/lib/active_record/connection_adapters/mysql_adapter.rb:74:in `new'
    /Library/Ruby/Gems/1.8/gems/activerecord-2.2.2/lib/active_record/connection_adapters/mysql_adapter.rb:74:in `mysql_connection'
    /Library/Ruby/Gems/1.8/gems/activerecord-2.2.2/lib/active_record/connection_adapters/abstract/connection_pool.rb:223:in `send'
    /Library/Ruby/Gems/1.8/gems/activerecord-2.2.2/lib/active_record/connection_adapters/abstract/connection_pool.rb:223:in `new_connection'
    /Library/Ruby/Gems/1.8/gems/activerecord-2.2.2/lib/active_record/connection_adapters/abstract/connection_pool.rb:245:in `checkout_new_connection'
    /Library/Ruby/Gems/1.8/gems/activerecord-2.2.2/lib/active_record/connection_adapters/abstract/connection_pool.rb:188:in `checkout'
    /Library/Ruby/Gems/1.8/gems/activerecord-2.2.2/lib/active_record/connection_adapters/abstract/connection_pool.rb:184:in `loop'
    /Library/Ruby/Gems/1.8/gems/activerecord-2.2.2/lib/active_record/connection_adapters/abstract/connection_pool.rb:184:in `checkout'
    /System/Library/Frameworks/Ruby.framework/Versions/1.8/usr/lib/ruby/1.8/monitor.rb:242:in `synchronize'
    /Library/Ruby/Gems/1.8/gems/activerecord-2.2.2/lib/active_record/connection_adapters/abstract/connection_pool.rb:183:in `checkout'
    /Library/Ruby/Gems/1.8/gems/activerecord-2.2.2/lib/active_record/connection_adapters/abstract/connection_pool.rb:98:in `connection'
    /Library/Ruby/Gems/1.8/gems/activerecord-2.2.2/lib/active_record/connection_adapters/abstract/connection_pool.rb:326:in `retrieve_connection'
    /Library/Ruby/Gems/1.8/gems/activerecord-2.2.2/lib/active_record/connection_adapters/abstract/connection_specification.rb:121:in `retrieve_connection'
    /Library/Ruby/Gems/1.8/gems/activerecord-2.2.2/lib/active_record/connection_adapters/abstract/connection_specification.rb:113:in `connection'
    /Library/Ruby/Gems/1.8/gems/activerecord-2.2.2/lib/active_record/query_cache.rb:8:in `cache'
    /Library/Ruby/Gems/1.8/gems/actionpack-2.2.2/lib/action_controller/caching/sql_cache.rb:12:in `perform_action'
    /Library/Ruby/Gems/1.8/gems/actionpack-2.2.2/lib/action_controller/base.rb:524:in `send'
    /Library/Ruby/Gems/1.8/gems/actionpack-2.2.2/lib/action_controller/base.rb:524:in `process_without_filters'
    /Library/Ruby/Gems/1.8/gems/actionpack-2.2.2/lib/action_controller/filters.rb:606:in `process_without_session_management_support'
    /Library/Ruby/Gems/1.8/gems/actionpack-2.2.2/lib/action_controller/session_management.rb:134:in `process'
    /Library/Ruby/Gems/1.8/gems/actionpack-2.2.2/lib/action_controller/base.rb:392:in `process'
    /Library/Ruby/Gems/1.8/gems/actionpack-2.2.2/lib/action_controller/dispatcher.rb:183:in `handle_request'
    /Library/Ruby/Gems/1.8/gems/actionpack-2.2.2/lib/action_controller/dispatcher.rb:110:in `dispatch_unlocked'
    /Library/Ruby/Gems/1.8/gems/actionpack-2.2.2/lib/action_controller/dispatcher.rb:123:in `dispatch'
    /Library/Ruby/Gems/1.8/gems/actionpack-2.2.2/lib/action_controller/dispatcher.rb:122:in `synchronize'
    /Library/Ruby/Gems/1.8/gems/actionpack-2.2.2/lib/action_controller/dispatcher.rb:122:in `dispatch'
    /Library/Ruby/Gems/1.8/gems/actionpack-2.2.2/lib/action_controller/dispatcher.rb:132:in `dispatch_cgi'
    /Library/Ruby/Gems/1.8/gems/actionpack-2.2.2/lib/action_controller/dispatcher.rb:39:in `dispatch'
    /Library/Ruby/Gems/1.8/gems/mongrel-1.1.5/bin/../lib/mongrel/rails.rb:76:in `process'
    /Library/Ruby/Gems/1.8/gems/mongrel-1.1.5/bin/../lib/mongrel/rails.rb:74:in `synchronize'
    /Library/Ruby/Gems/1.8/gems/mongrel-1.1.5/bin/../lib/mongrel/rails.rb:74:in `process'
    /Library/Ruby/Gems/1.8/gems/mongrel-1.1.5/lib/mongrel.rb:159:in `process_client'
    /Library/Ruby/Gems/1.8/gems/mongrel-1.1.5/lib/mongrel.rb:158:in `each'
    /Library/Ruby/Gems/1.8/gems/mongrel-1.1.5/lib/mongrel.rb:158:in `process_client'
    /Library/Ruby/Gems/1.8/gems/mongrel-1.1.5/lib/mongrel.rb:285:in `run'
    /Library/Ruby/Gems/1.8/gems/mongrel-1.1.5/lib/mongrel.rb:285:in `initialize'
    /Library/Ruby/Gems/1.8/gems/mongrel-1.1.5/lib/mongrel.rb:285:in `new'
    /Library/Ruby/Gems/1.8/gems/mongrel-1.1.5/lib/mongrel.rb:285:in `run'
    /Library/Ruby/Gems/1.8/gems/mongrel-1.1.5/lib/mongrel.rb:268:in `initialize'
    /Library/Ruby/Gems/1.8/gems/mongrel-1.1.5/lib/mongrel.rb:268:in `new'
    /Library/Ruby/Gems/1.8/gems/mongrel-1.1.5/lib/mongrel.rb:268:in `run'
    /Library/Ruby/Gems/1.8/gems/mongrel-1.1.5/lib/mongrel/configurator.rb:282:in `run'
    /Library/Ruby/Gems/1.8/gems/mongrel-1.1.5/lib/mongrel/configurator.rb:281:in `each'
    /Library/Ruby/Gems/1.8/gems/mongrel-1.1.5/lib/mongrel/configurator.rb:281:in `run'
    /Library/Ruby/Gems/1.8/gems/mongrel-1.1.5/bin/mongrel_rails:128:in `run'
    /Library/Ruby/Gems/1.8/gems/mongrel-1.1.5/lib/mongrel/command.rb:212:in `run'
    /Library/Ruby/Gems/1.8/gems/mongrel-1.1.5/bin/mongrel_rails:281
    /Library/Ruby/Gems/1.8/gems/activesupport-2.2.2/lib/active_support/dependencies.rb:142:in `load_without_new_constant_marking'
    /Library/Ruby/Gems/1.8/gems/activesupport-2.2.2/lib/active_support/dependencies.rb:142:in `load'
    /Library/Ruby/Gems/1.8/gems/activesupport-2.2.2/lib/active_support/dependencies.rb:521:in `new_constants_in'
    /Library/Ruby/Gems/1.8/gems/activesupport-2.2.2/lib/active_support/dependencies.rb:142:in `load'
    /Library/Ruby/Gems/1.8/gems/rails-2.2.2/lib/commands/servers/mongrel.rb:64
    /Library/Ruby/Site/1.8/rubygems/custom_require.rb:31:in `gem_original_require'
    /Library/Ruby/Site/1.8/rubygems/custom_require.rb:31:in `require'
    /Library/Ruby/Gems/1.8/gems/activesupport-2.2.2/lib/active_support/dependencies.rb:153:in `require'
    /Library/Ruby/Gems/1.8/gems/activesupport-2.2.2/lib/active_support/dependencies.rb:521:in `new_constants_in'
    /Library/Ruby/Gems/1.8/gems/activesupport-2.2.2/lib/active_support/dependencies.rb:153:in `require'
    /Library/Ruby/Gems/1.8/gems/rails-2.2.2/lib/commands/server.rb:49
    /Library/Ruby/Site/1.8/rubygems/custom_require.rb:31:in `gem_original_require'
    /Library/Ruby/Site/1.8/rubygems/custom_require.rb:31:in `require'
    script/server:3

Rendered /Library/Ruby/Gems/1.8/gems/actionpack-2.2.2/lib/action_controller/templates/rescues/_trace (34.1ms)
Rendered /Library/Ruby/Gems/1.8/gems/actionpack-2.2.2/lib/action_controller/templates/rescues/_request_and_response (0.8ms)
Rendering /Users/shan/projects/temp/restful-authentication-facebook-connect-tutorial/vendor/plugins/facebooker/templates/layout.erb (200)
  [4;36;1mSQL (0.1ms)[0m   [0;1mSET NAMES 'utf8'[0m
  [4;35;1mSQL (0.1ms)[0m   [0mSET SQL_AUTO_IS_NULL=0[0m
  [4;36;1mSQL (0.3ms)[0m   [0;1mCREATE DATABASE `connect_tutorial_development` DEFAULT CHARACTER SET `utf8` COLLATE `utf8_general_ci`[0m
  [4;36;1mSQL (0.1ms)[0m   [0;1mSET NAMES 'utf8'[0m
  [4;35;1mSQL (0.1ms)[0m   [0mSET SQL_AUTO_IS_NULL=0[0m
  [4;36;1mSQL (0.3ms)[0m   [0;1mSHOW TABLES[0m
  [4;35;1mSQL (83.3ms)[0m   [0mCREATE TABLE `schema_migrations` (`version` varchar(255) NOT NULL) ENGINE=InnoDB[0m
  [4;36;1mSQL (238.3ms)[0m   [0;1mCREATE UNIQUE INDEX `unique_schema_migrations` ON `schema_migrations` (`version`)[0m
  [4;35;1mSQL (0.3ms)[0m   [0mSHOW TABLES[0m
  [4;36;1mSQL (0.2ms)[0m   [0;1mSELECT version FROM schema_migrations[0m
Migrating to CreateUsers (20090226114049)
  [4;35;1mSQL (0.4ms)[0m   [0mSHOW TABLES[0m
  [4;36;1mSQL (142.1ms)[0m   [0;1mCREATE TABLE `users` (`id` int(11) DEFAULT NULL auto_increment PRIMARY KEY, `login` varchar(40), `name` varchar(100) DEFAULT '', `email` varchar(100), `crypted_password` varchar(40), `salt` varchar(40), `created_at` datetime, `updated_at` datetime, `remember_token` varchar(40), `remember_token_expires_at` datetime) ENGINE=InnoDB[0m
  [4;35;1mSQL (125.0ms)[0m   [0mCREATE UNIQUE INDEX `index_users_on_login` ON `users` (`login`)[0m
  [4;36;1mSQL (0.8ms)[0m   [0;1mINSERT INTO schema_migrations (version) VALUES ('20090226114049')[0m
Migrating to AddUsersFb (20090226114455)
  [4;35;1mSQL (109.5ms)[0m   [0mALTER TABLE `users` ADD `fb_user_id` int(11)[0m
  [4;36;1mSQL (133.6ms)[0m   [0;1mALTER TABLE `users` ADD `email_hash` varchar(255)[0m
  [4;35;1mSQL (111.9ms)[0m   [0malter table users modify fb_user_id bigint[0m
  [4;36;1mSQL (0.6ms)[0m   [0;1mINSERT INTO schema_migrations (version) VALUES ('20090226114455')[0m
  [4;35;1mSQL (0.3ms)[0m   [0mSHOW TABLES[0m
  [4;36;1mSQL (0.1ms)[0m   [0;1mSELECT version FROM schema_migrations[0m
  [4;35;1mSQL (0.2ms)[0m   [0mSHOW TABLES[0m
  [4;36;1mSQL (1.4ms)[0m   [0;1mSHOW FIELDS FROM `users`[0m
  [4;35;1mSQL (2.1ms)[0m   [0mdescribe `users`[0m
  [4;36;1mSQL (0.6ms)[0m   [0;1mSHOW KEYS FROM `users`[0m


Processing UsersController#home (for 127.0.0.1 at 2009-09-17 13:44:04) [GET]
  [4;36;1mSQL (0.1ms)[0m   [0;1mSET NAMES 'utf8'[0m
  [4;35;1mSQL (0.1ms)[0m   [0mSET SQL_AUTO_IS_NULL=0[0m
Rendering template within layouts/index
Rendering users/home
Completed in 28ms (View: 27, DB: 0) | 200 OK [http://web1.tunnlr.com/]


Processing SessionsController#new (for 127.0.0.1 at 2009-09-17 13:44:19) [GET]
  [4;36;1mSQL (0.1ms)[0m   [0;1mSET NAMES 'utf8'[0m
  [4;35;1mSQL (0.1ms)[0m   [0mSET SQL_AUTO_IS_NULL=0[0m
Rendering template within layouts/index
Rendering sessions/new
Completed in 24ms (View: 22, DB: 0) | 200 OK [http://web1.tunnlr.com/login]


Processing UsersController#link_user_accounts (for 127.0.0.1 at 2009-09-17 13:44:22) [GET]
  [4;36;1mSQL (0.1ms)[0m   [0;1mSET NAMES 'utf8'[0m
  [4;35;1mSQL (0.1ms)[0m   [0mSET SQL_AUTO_IS_NULL=0[0m

***** Debugger requested, but was not available: Start server with --debugger to enable *****
  [4;36;1mUser Columns (1.3ms)[0m   [0;1mSHOW FIELDS FROM `users`[0m
  [4;35;1mUser Load (1.2ms)[0m   [0mSELECT * FROM `users` WHERE (`users`.`fb_user_id` = 12414065) LIMIT 1[0m
facebook.users.getInfo (0.486386060714722) fields = status,political,pic_small,name,quotes,is_app_user,tv,profile_update_time,meeting_sex,hs_info,timezone,relationship_status,hometown_location,about_me,wall_count,significant_other_id,pic_big,music,uid,work_history,sex,religion,notes_count,activities,pic_square,movies,has_added_app,education_history,birthday,first_name,meeting_for,last_name,interests,current_location,pic,books,affiliations,locale,profile_url,proxied_email,email_hashes, uids = 12414065
  [4;36;1mUser Load (0.3ms)[0m   [0;1mSELECT * FROM `users` WHERE (`users`.`email_hash` IN (NULL)) LIMIT 1[0m
  [4;35;1mSQL (0.1ms)[0m   [0mBEGIN[0m
  [4;36;1mUser Create (0.3ms)[0m   [0;1mINSERT INTO `users` (`name`, `salt`, `created_at`, `crypted_password`, `remember_token_expires_at`, `updated_at`, `fb_user_id`, `email_hash`, `remember_token`, `login`, `email`) VALUES('Shantanu Bhardwaj', NULL, '2009-09-17 20:44:22', NULL, NULL, '2009-09-17 20:44:22', 12414065, NULL, NULL, 'facebooker_12414065', '')[0m
facebook.connect.registerUsers (0.257467985153198) accounts = [{"account_id": 1, "email_hash": "0_d41d8cd98f00b204e9800998ecf8427e"}]
  [4;35;1mUser Update (0.4ms)[0m   [0mUPDATE `users` SET `updated_at` = '2009-09-17 20:44:22', `login` = 'facebooker_12414065', `name` = 'Shantanu Bhardwaj', `created_at` = '2009-09-17 20:44:22', `email` = '', `email_hash` = '0_d41d8cd98f00b204e9800998ecf8427e', `fb_user_id` = 12414065 WHERE `id` = 1[0m
  [4;36;1mSQL (0.5ms)[0m   [0;1mCOMMIT[0m
Redirected to /
Completed in 766ms (DB: 4) | 302 Found [http://web1.tunnlr.com/users/link_user_accounts]


Processing UsersController#home (for 127.0.0.1 at 2009-09-17 13:44:23) [GET]
  [4;35;1mSQL (0.1ms)[0m   [0mSET NAMES 'utf8'[0m
  [4;36;1mSQL (0.1ms)[0m   [0;1mSET SQL_AUTO_IS_NULL=0[0m
Rendering template within layouts/index
Rendering users/home
Completed in 6ms (View: 4, DB: 0) | 200 OK [http://web1.tunnlr.com/]


Processing UsersController#home (for 127.0.0.1 at 2009-09-17 13:44:23) [GET]
  [4;35;1mSQL (0.1ms)[0m   [0mSET NAMES 'utf8'[0m
  [4;36;1mSQL (0.1ms)[0m   [0;1mSET SQL_AUTO_IS_NULL=0[0m
Rendering template within layouts/index
Rendering users/home
  [4;35;1mUser Columns (1.6ms)[0m   [0mSHOW FIELDS FROM `users`[0m
  [4;36;1mUser Load (1.0ms)[0m   [0;1mSELECT * FROM `users` WHERE (`users`.`fb_user_id` = 12414065) LIMIT 1[0m
Completed in 17ms (View: 15, DB: 0) | 200 OK [http://web1.tunnlr.com/]


Processing SessionsController#new (for 127.0.0.1 at 2009-09-17 13:44:31) [GET]
  [4;35;1mSQL (0.1ms)[0m   [0mSET NAMES 'utf8'[0m
  [4;36;1mSQL (0.1ms)[0m   [0;1mSET SQL_AUTO_IS_NULL=0[0m
Rendering template within layouts/index
Rendering sessions/new
Completed in 6ms (View: 4, DB: 0) | 200 OK [http://web1.tunnlr.com/login]


Processing UsersController#link_user_accounts (for 127.0.0.1 at 2009-09-17 13:44:33) [GET]
  [4;35;1mSQL (0.1ms)[0m   [0mSET NAMES 'utf8'[0m
  [4;36;1mSQL (0.1ms)[0m   [0;1mSET SQL_AUTO_IS_NULL=0[0m

***** Debugger requested, but was not available: Start server with --debugger to enable *****
  [4;35;1mUser Columns (1.5ms)[0m   [0mSHOW FIELDS FROM `users`[0m
  [4;36;1mUser Load (0.7ms)[0m   [0;1mSELECT * FROM `users` WHERE (`users`.`fb_user_id` = 500086521) LIMIT 1[0m
facebook.users.getInfo (0.723028898239136) fields = status,political,pic_small,name,quotes,is_app_user,tv,profile_update_time,meeting_sex,hs_info,timezone,relationship_status,hometown_location,about_me,wall_count,significant_other_id,pic_big,music,uid,work_history,sex,religion,notes_count,activities,pic_square,movies,has_added_app,education_history,birthday,first_name,meeting_for,last_name,interests,current_location,pic,books,affiliations,locale,profile_url,proxied_email,email_hashes, uids = 500086521
  [4;35;1mUser Load (0.3ms)[0m   [0mSELECT * FROM `users` WHERE (`users`.`email_hash` IN (NULL)) LIMIT 1[0m
  [4;36;1mSQL (0.1ms)[0m   [0;1mBEGIN[0m
  [4;35;1mUser Create (0.2ms)[0m   [0mINSERT INTO `users` (`name`, `salt`, `created_at`, `crypted_password`, `remember_token_expires_at`, `updated_at`, `fb_user_id`, `email_hash`, `remember_token`, `login`, `email`) VALUES('Anurag Jain', NULL, '2009-09-17 20:44:34', NULL, NULL, '2009-09-17 20:44:34', 500086521, NULL, NULL, 'facebooker_500086521', '')[0m
facebook.connect.registerUsers (0.304327964782715) accounts = [{"account_id": 2, "email_hash": "0_d41d8cd98f00b204e9800998ecf8427e"}]
  [4;36;1mUser Update (0.3ms)[0m   [0;1mUPDATE `users` SET `updated_at` = '2009-09-17 20:44:34', `login` = 'facebooker_500086521', `name` = 'Anurag Jain', `created_at` = '2009-09-17 20:44:34', `email` = '', `email_hash` = '0_d41d8cd98f00b204e9800998ecf8427e', `fb_user_id` = 500086521 WHERE `id` = 2[0m
  [4;35;1mSQL (0.5ms)[0m   [0mCOMMIT[0m
Redirected to /
Completed in 1045ms (DB: 4) | 302 Found [http://web1.tunnlr.com/users/link_user_accounts]


Processing UsersController#home (for 127.0.0.1 at 2009-09-17 13:44:34) [GET]
  [4;36;1mSQL (0.1ms)[0m   [0;1mSET NAMES 'utf8'[0m
  [4;35;1mSQL (0.1ms)[0m   [0mSET SQL_AUTO_IS_NULL=0[0m
Rendering template within layouts/index
Rendering users/home
  [4;36;1mUser Columns (1.5ms)[0m   [0;1mSHOW FIELDS FROM `users`[0m
  [4;35;1mUser Load (1.4ms)[0m   [0mSELECT * FROM `users` WHERE (`users`.`fb_user_id` = 500086521) LIMIT 1[0m
Completed in 110ms (View: 109, DB: 0) | 200 OK [http://web1.tunnlr.com/]


Processing UsersController#home (for 127.0.0.1 at 2009-09-17 13:48:25) [GET]
  [4;36;1mSQL (0.1ms)[0m   [0;1mSET NAMES 'utf8'[0m
  [4;35;1mSQL (0.1ms)[0m   [0mSET SQL_AUTO_IS_NULL=0[0m
Rendering template within layouts/index
Rendering users/home
  [4;36;1mUser Columns (1.7ms)[0m   [0;1mSHOW FIELDS FROM `users`[0m
  [4;35;1mUser Load (1.7ms)[0m   [0mSELECT * FROM `users` WHERE (`users`.`id` = 1) LIMIT 1[0m
Completed in 28ms (View: 23, DB: 0) | 200 OK [http://web1.tunnlr.com/]


Processing UsersController#home (for 127.0.0.1 at 2009-09-17 13:48:57) [GET]
  [4;36;1mSQL (0.1ms)[0m   [0;1mSET NAMES 'utf8'[0m
  [4;35;1mSQL (0.1ms)[0m   [0mSET SQL_AUTO_IS_NULL=0[0m
Rendering template within layouts/index
Rendering users/home
  [4;36;1mUser Columns (1.9ms)[0m   [0;1mSHOW FIELDS FROM `users`[0m
  [4;35;1mUser Load (0.3ms)[0m   [0mSELECT * FROM `users` WHERE (`users`.`id` = 1) LIMIT 1[0m
Completed in 17ms (View: 15, DB: 0) | 200 OK [http://web1.tunnlr.com/]
